[0.030s] Invoking command in '/home/lsh/robot_ws2/build/indy7_ign': CMAKE_PREFIX_PATH=${CMAKE_PREFIX_PATH}:/home/lsh/robot_ws/install/topic_service_action_rclpy_example:/home/lsh/robot_ws/install/time_rclpy_example:/home/lsh/robot_ws/install/tf2_rclpy_example:/home/lsh/robot_ws/install/ros2env:/home/lsh/robot_ws/install/my_first_ros_rclpy_pkg:/home/lsh/robot_ws/install/logging_rclpy_example:/opt/ros/foxy /usr/bin/cmake /home/lsh/robot_ws2/src/indy7_ign-main -DAMENT_CMAKE_SYMLINK_INSTALL=1 -DCMAKE_INSTALL_PREFIX=/home/lsh/robot_ws2/install/indy7_ign
[0.116s] -- The C compiler identification is GNU 9.3.0
[0.185s] -- The CXX compiler identification is GNU 9.3.0
[0.192s] -- Check for working C compiler: /usr/bin/cc
[0.267s] -- Check for working C compiler: /usr/bin/cc -- works
[0.267s] -- Detecting C compiler ABI info
[0.360s] -- Detecting C compiler ABI info - done
[0.383s] -- Detecting C compile features
[0.383s] -- Detecting C compile features - done
[0.391s] -- Check for working CXX compiler: /usr/bin/c++
[0.509s] -- Check for working CXX compiler: /usr/bin/c++ -- works
[0.522s] -- Detecting CXX compiler ABI info
[0.653s] -- Detecting CXX compiler ABI info - done
[0.675s] -- Detecting CXX compile features
[0.676s] -- Detecting CXX compile features - done
[0.688s] -- Found ament_cmake: 0.9.9 (/opt/ros/foxy/share/ament_cmake/cmake)
[0.742s] -- Found PythonInterp: /usr/bin/python3 (found suitable version "3.8.10", minimum required is "3") 
[0.742s] -- Using PYTHON_EXECUTABLE: /usr/bin/python3
[1.054s] -- Override CMake install command with custom implementation using symlinks instead of copying resources
[1.194s] -- Configuring done
[1.196s] -- Generating done
[1.197s] -- Build files have been written to: /home/lsh/robot_ws2/build/indy7_ign
[1.204s] Invoked command in '/home/lsh/robot_ws2/build/indy7_ign' returned '0': CMAKE_PREFIX_PATH=${CMAKE_PREFIX_PATH}:/home/lsh/robot_ws/install/topic_service_action_rclpy_example:/home/lsh/robot_ws/install/time_rclpy_example:/home/lsh/robot_ws/install/tf2_rclpy_example:/home/lsh/robot_ws/install/ros2env:/home/lsh/robot_ws/install/my_first_ros_rclpy_pkg:/home/lsh/robot_ws/install/logging_rclpy_example:/opt/ros/foxy /usr/bin/cmake /home/lsh/robot_ws2/src/indy7_ign-main -DAMENT_CMAKE_SYMLINK_INSTALL=1 -DCMAKE_INSTALL_PREFIX=/home/lsh/robot_ws2/install/indy7_ign
[1.205s] Invoking command in '/home/lsh/robot_ws2/build/indy7_ign': CMAKE_PREFIX_PATH=${CMAKE_PREFIX_PATH}:/home/lsh/robot_ws/install/topic_service_action_rclpy_example:/home/lsh/robot_ws/install/time_rclpy_example:/home/lsh/robot_ws/install/tf2_rclpy_example:/home/lsh/robot_ws/install/ros2env:/home/lsh/robot_ws/install/my_first_ros_rclpy_pkg:/home/lsh/robot_ws/install/logging_rclpy_example:/opt/ros/foxy /usr/bin/cmake --build /home/lsh/robot_ws2/build/indy7_ign -- -j4 -l4
[1.254s] Invoked command in '/home/lsh/robot_ws2/build/indy7_ign' returned '0': CMAKE_PREFIX_PATH=${CMAKE_PREFIX_PATH}:/home/lsh/robot_ws/install/topic_service_action_rclpy_example:/home/lsh/robot_ws/install/time_rclpy_example:/home/lsh/robot_ws/install/tf2_rclpy_example:/home/lsh/robot_ws/install/ros2env:/home/lsh/robot_ws/install/my_first_ros_rclpy_pkg:/home/lsh/robot_ws/install/logging_rclpy_example:/opt/ros/foxy /usr/bin/cmake --build /home/lsh/robot_ws2/build/indy7_ign -- -j4 -l4
[1.360s] Invoking command in '/home/lsh/robot_ws2/build/indy7_ign': CMAKE_PREFIX_PATH=${CMAKE_PREFIX_PATH}:/home/lsh/robot_ws/install/topic_service_action_rclpy_example:/home/lsh/robot_ws/install/time_rclpy_example:/home/lsh/robot_ws/install/tf2_rclpy_example:/home/lsh/robot_ws/install/ros2env:/home/lsh/robot_ws/install/my_first_ros_rclpy_pkg:/home/lsh/robot_ws/install/logging_rclpy_example:/opt/ros/foxy /usr/bin/cmake --install /home/lsh/robot_ws2/build/indy7_ign
[1.376s] -- Install configuration: ""
[1.377s] -- Execute custom install script
[1.377s] -- Symlinking: /home/lsh/robot_ws2/install/indy7_ign/share/indy7_ign/urdf/.vscode/c_cpp_properties.json
[1.387s] -- Symlinking: /home/lsh/robot_ws2/install/indy7_ign/share/indy7_ign/urdf/.vscode/settings.json
[1.398s] -- Symlinking: /home/lsh/robot_ws2/install/indy7_ign/share/indy7_ign/urdf/indy7.urdf
[1.417s] -- Symlinking: /home/lsh/robot_ws2/install/indy7_ign/share/indy7_ign/meshes/collision/finger.stl
[1.434s] -- Symlinking: /home/lsh/robot_ws2/install/indy7_ign/share/indy7_ign/meshes/collision/hand.stl
[1.451s] -- Symlinking: /home/lsh/robot_ws2/install/indy7_ign/share/indy7_ign/meshes/collision/link0.stl
[1.467s] -- Symlinking: /home/lsh/robot_ws2/install/indy7_ign/share/indy7_ign/meshes/collision/link1.stl
[1.488s] -- Symlinking: /home/lsh/robot_ws2/install/indy7_ign/share/indy7_ign/meshes/collision/link2.stl
[1.506s] -- Symlinking: /home/lsh/robot_ws2/install/indy7_ign/share/indy7_ign/meshes/collision/link3.stl
[1.539s] -- Symlinking: /home/lsh/robot_ws2/install/indy7_ign/share/indy7_ign/meshes/collision/link4.stl
[1.553s] -- Symlinking: /home/lsh/robot_ws2/install/indy7_ign/share/indy7_ign/meshes/collision/link5.stl
[1.563s] -- Symlinking: /home/lsh/robot_ws2/install/indy7_ign/share/indy7_ign/meshes/collision/link6.stl
[1.583s] -- Symlinking: /home/lsh/robot_ws2/install/indy7_ign/share/indy7_ign/meshes/collision/link7.stl
[1.593s] -- Symlinking: /home/lsh/robot_ws2/install/indy7_ign/share/indy7_ign/meshes/visual/finger.dae
[1.619s] -- Symlinking: /home/lsh/robot_ws2/install/indy7_ign/share/indy7_ign/meshes/visual/hand.dae
[1.647s] -- Symlinking: /home/lsh/robot_ws2/install/indy7_ign/share/indy7_ign/meshes/visual/link0.stl
[1.675s] -- Symlinking: /home/lsh/robot_ws2/install/indy7_ign/share/indy7_ign/meshes/visual/link1.stl
[1.695s] -- Symlinking: /home/lsh/robot_ws2/install/indy7_ign/share/indy7_ign/meshes/visual/link2.stl
[1.705s] -- Symlinking: /home/lsh/robot_ws2/install/indy7_ign/share/indy7_ign/meshes/visual/link3.stl
[1.717s] -- Symlinking: /home/lsh/robot_ws2/install/indy7_ign/share/indy7_ign/meshes/visual/link4.stl
[1.729s] -- Symlinking: /home/lsh/robot_ws2/install/indy7_ign/share/indy7_ign/meshes/visual/link5.stl
[1.740s] -- Symlinking: /home/lsh/robot_ws2/install/indy7_ign/share/indy7_ign/meshes/visual/link6.stl
[1.750s] -- Symlinking: /home/lsh/robot_ws2/install/indy7_ign/share/indy7_ign/meshes/visual/link7.dae
[1.764s] -- Symlinking: /home/lsh/robot_ws2/install/indy7_ign/share/ament_index/resource_index/package_run_dependencies/indy7_ign
[1.775s] -- Symlinking: /home/lsh/robot_ws2/install/indy7_ign/share/ament_index/resource_index/parent_prefix_path/indy7_ign
[1.787s] -- Symlinking: /home/lsh/robot_ws2/install/indy7_ign/share/indy7_ign/environment/ament_prefix_path.sh
[1.799s] -- Symlinking: /home/lsh/robot_ws2/install/indy7_ign/share/indy7_ign/environment/ament_prefix_path.dsv
[1.811s] -- Symlinking: /home/lsh/robot_ws2/install/indy7_ign/share/indy7_ign/environment/path.sh
[1.823s] -- Symlinking: /home/lsh/robot_ws2/install/indy7_ign/share/indy7_ign/environment/path.dsv
[1.836s] -- Symlinking: /home/lsh/robot_ws2/install/indy7_ign/share/indy7_ign/local_setup.bash
[1.847s] -- Symlinking: /home/lsh/robot_ws2/install/indy7_ign/share/indy7_ign/local_setup.sh
[1.859s] -- Symlinking: /home/lsh/robot_ws2/install/indy7_ign/share/indy7_ign/local_setup.zsh
[1.870s] -- Symlinking: /home/lsh/robot_ws2/install/indy7_ign/share/indy7_ign/local_setup.dsv
[1.882s] -- Symlinking: /home/lsh/robot_ws2/install/indy7_ign/share/indy7_ign/package.dsv
[1.894s] -- Symlinking: /home/lsh/robot_ws2/install/indy7_ign/share/ament_index/resource_index/packages/indy7_ign
[1.905s] -- Symlinking: /home/lsh/robot_ws2/install/indy7_ign/share/indy7_ign/cmake/indy7_ignConfig.cmake
[1.916s] -- Symlinking: /home/lsh/robot_ws2/install/indy7_ign/share/indy7_ign/cmake/indy7_ignConfig-version.cmake
[1.928s] -- Symlinking: /home/lsh/robot_ws2/install/indy7_ign/share/indy7_ign/package.xml
[1.943s] Invoked command in '/home/lsh/robot_ws2/build/indy7_ign' returned '0': CMAKE_PREFIX_PATH=${CMAKE_PREFIX_PATH}:/home/lsh/robot_ws/install/topic_service_action_rclpy_example:/home/lsh/robot_ws/install/time_rclpy_example:/home/lsh/robot_ws/install/tf2_rclpy_example:/home/lsh/robot_ws/install/ros2env:/home/lsh/robot_ws/install/my_first_ros_rclpy_pkg:/home/lsh/robot_ws/install/logging_rclpy_example:/opt/ros/foxy /usr/bin/cmake --install /home/lsh/robot_ws2/build/indy7_ign
