[0.032s] Invoking command in '/home/lsh/robot_ws2/build/indy7_ign': CMAKE_PREFIX_PATH=${CMAKE_PREFIX_PATH}:/home/lsh/robot_ws/install/topic_service_action_rclpy_example:/home/lsh/robot_ws/install/time_rclpy_example:/home/lsh/robot_ws/install/tf2_rclpy_example:/home/lsh/robot_ws/install/ros2env:/home/lsh/robot_ws/install/my_first_ros_rclpy_pkg:/home/lsh/robot_ws/install/logging_rclpy_example:/opt/ros/foxy /usr/bin/cmake /home/lsh/robot_ws2/src/indy7_ign-main -DAMENT_CMAKE_SYMLINK_INSTALL=1 -DCMAKE_INSTALL_PREFIX=/home/lsh/robot_ws2/install/indy7_ign
[0.195s] -- The C compiler identification is GNU 9.3.0
[0.335s] -- The CXX compiler identification is GNU 9.3.0
[0.341s] -- Check for working C compiler: /usr/bin/cc
[0.422s] -- Check for working C compiler: /usr/bin/cc -- works
[0.422s] -- Detecting C compiler ABI info
[0.499s] -- Detecting C compiler ABI info - done
[0.515s] -- Detecting C compile features
[0.515s] -- Detecting C compile features - done
[0.517s] -- Check for working CXX compiler: /usr/bin/c++
[0.656s] -- Check for working CXX compiler: /usr/bin/c++ -- works
[0.656s] -- Detecting CXX compiler ABI info
[0.778s] -- Detecting CXX compiler ABI info - done
[0.797s] -- Detecting CXX compile features
[0.798s] -- Detecting CXX compile features - done
[0.802s] -- Found ament_cmake: 0.9.9 (/opt/ros/foxy/share/ament_cmake/cmake)
[0.861s] -- Found PythonInterp: /usr/bin/python3 (found suitable version "3.8.10", minimum required is "3") 
[0.861s] -- Using PYTHON_EXECUTABLE: /usr/bin/python3
[1.174s] -- Override CMake install command with custom implementation using symlinks instead of copying resources
[1.313s] -- Configuring done
[1.317s] -- Generating done
[1.319s] -- Build files have been written to: /home/lsh/robot_ws2/build/indy7_ign
[1.325s] Invoked command in '/home/lsh/robot_ws2/build/indy7_ign' returned '0': CMAKE_PREFIX_PATH=${CMAKE_PREFIX_PATH}:/home/lsh/robot_ws/install/topic_service_action_rclpy_example:/home/lsh/robot_ws/install/time_rclpy_example:/home/lsh/robot_ws/install/tf2_rclpy_example:/home/lsh/robot_ws/install/ros2env:/home/lsh/robot_ws/install/my_first_ros_rclpy_pkg:/home/lsh/robot_ws/install/logging_rclpy_example:/opt/ros/foxy /usr/bin/cmake /home/lsh/robot_ws2/src/indy7_ign-main -DAMENT_CMAKE_SYMLINK_INSTALL=1 -DCMAKE_INSTALL_PREFIX=/home/lsh/robot_ws2/install/indy7_ign
[1.326s] Invoking command in '/home/lsh/robot_ws2/build/indy7_ign': CMAKE_PREFIX_PATH=${CMAKE_PREFIX_PATH}:/home/lsh/robot_ws/install/topic_service_action_rclpy_example:/home/lsh/robot_ws/install/time_rclpy_example:/home/lsh/robot_ws/install/tf2_rclpy_example:/home/lsh/robot_ws/install/ros2env:/home/lsh/robot_ws/install/my_first_ros_rclpy_pkg:/home/lsh/robot_ws/install/logging_rclpy_example:/opt/ros/foxy /usr/bin/cmake --build /home/lsh/robot_ws2/build/indy7_ign -- -j4 -l4
[1.384s] Invoked command in '/home/lsh/robot_ws2/build/indy7_ign' returned '0': CMAKE_PREFIX_PATH=${CMAKE_PREFIX_PATH}:/home/lsh/robot_ws/install/topic_service_action_rclpy_example:/home/lsh/robot_ws/install/time_rclpy_example:/home/lsh/robot_ws/install/tf2_rclpy_example:/home/lsh/robot_ws/install/ros2env:/home/lsh/robot_ws/install/my_first_ros_rclpy_pkg:/home/lsh/robot_ws/install/logging_rclpy_example:/opt/ros/foxy /usr/bin/cmake --build /home/lsh/robot_ws2/build/indy7_ign -- -j4 -l4
[1.416s] Invoking command in '/home/lsh/robot_ws2/build/indy7_ign': CMAKE_PREFIX_PATH=${CMAKE_PREFIX_PATH}:/home/lsh/robot_ws/install/topic_service_action_rclpy_example:/home/lsh/robot_ws/install/time_rclpy_example:/home/lsh/robot_ws/install/tf2_rclpy_example:/home/lsh/robot_ws/install/ros2env:/home/lsh/robot_ws/install/my_first_ros_rclpy_pkg:/home/lsh/robot_ws/install/logging_rclpy_example:/opt/ros/foxy /usr/bin/cmake --install /home/lsh/robot_ws2/build/indy7_ign
[1.432s] -- Install configuration: ""
[1.433s] -- Execute custom install script
[1.434s] -- Symlinking: /home/lsh/robot_ws2/install/indy7_ign/share/indy7_ign/urdf/.vscode/c_cpp_properties.json
[1.447s] -- Symlinking: /home/lsh/robot_ws2/install/indy7_ign/share/indy7_ign/urdf/.vscode/settings.json
[1.462s] -- Symlinking: /home/lsh/robot_ws2/install/indy7_ign/share/indy7_ign/urdf/indy7.urdf
[1.476s] -- Symlinking: /home/lsh/robot_ws2/install/indy7_ign/share/indy7_ign/meshes/collision/finger.stl
[1.485s] -- Symlinking: /home/lsh/robot_ws2/install/indy7_ign/share/indy7_ign/meshes/collision/hand.stl
[1.495s] -- Symlinking: /home/lsh/robot_ws2/install/indy7_ign/share/indy7_ign/meshes/collision/link0.stl
[1.506s] -- Symlinking: /home/lsh/robot_ws2/install/indy7_ign/share/indy7_ign/meshes/collision/link1.stl
[1.521s] -- Symlinking: /home/lsh/robot_ws2/install/indy7_ign/share/indy7_ign/meshes/collision/link2.stl
[1.533s] -- Symlinking: /home/lsh/robot_ws2/install/indy7_ign/share/indy7_ign/meshes/collision/link3.stl
[1.550s] -- Symlinking: /home/lsh/robot_ws2/install/indy7_ign/share/indy7_ign/meshes/collision/link4.stl
[1.572s] -- Symlinking: /home/lsh/robot_ws2/install/indy7_ign/share/indy7_ign/meshes/collision/link5.stl
[1.583s] -- Symlinking: /home/lsh/robot_ws2/install/indy7_ign/share/indy7_ign/meshes/collision/link6.stl
[1.595s] -- Symlinking: /home/lsh/robot_ws2/install/indy7_ign/share/indy7_ign/meshes/collision/link7.stl
[1.608s] -- Symlinking: /home/lsh/robot_ws2/install/indy7_ign/share/indy7_ign/meshes/visual/finger.dae
[1.619s] -- Symlinking: /home/lsh/robot_ws2/install/indy7_ign/share/indy7_ign/meshes/visual/hand.dae
[1.633s] -- Symlinking: /home/lsh/robot_ws2/install/indy7_ign/share/indy7_ign/meshes/visual/link0.stl
[1.646s] -- Symlinking: /home/lsh/robot_ws2/install/indy7_ign/share/indy7_ign/meshes/visual/link1.stl
[1.665s] -- Symlinking: /home/lsh/robot_ws2/install/indy7_ign/share/indy7_ign/meshes/visual/link2.stl
[1.678s] -- Symlinking: /home/lsh/robot_ws2/install/indy7_ign/share/indy7_ign/meshes/visual/link3.stl
[1.691s] -- Symlinking: /home/lsh/robot_ws2/install/indy7_ign/share/indy7_ign/meshes/visual/link4.stl
[1.703s] -- Symlinking: /home/lsh/robot_ws2/install/indy7_ign/share/indy7_ign/meshes/visual/link5.stl
[1.715s] -- Symlinking: /home/lsh/robot_ws2/install/indy7_ign/share/indy7_ign/meshes/visual/link6.stl
[1.726s] -- Symlinking: /home/lsh/robot_ws2/install/indy7_ign/share/indy7_ign/meshes/visual/link7.dae
[1.739s] -- Symlinking: /home/lsh/robot_ws2/install/indy7_ign/share/ament_index/resource_index/package_run_dependencies/indy7_ign
[1.750s] -- Symlinking: /home/lsh/robot_ws2/install/indy7_ign/share/ament_index/resource_index/parent_prefix_path/indy7_ign
[1.763s] -- Symlinking: /home/lsh/robot_ws2/install/indy7_ign/share/indy7_ign/environment/ament_prefix_path.sh
[1.775s] -- Symlinking: /home/lsh/robot_ws2/install/indy7_ign/share/indy7_ign/environment/ament_prefix_path.dsv
[1.786s] -- Symlinking: /home/lsh/robot_ws2/install/indy7_ign/share/indy7_ign/environment/path.sh
[1.803s] -- Symlinking: /home/lsh/robot_ws2/install/indy7_ign/share/indy7_ign/environment/path.dsv
[1.814s] -- Symlinking: /home/lsh/robot_ws2/install/indy7_ign/share/indy7_ign/local_setup.bash
[1.827s] -- Symlinking: /home/lsh/robot_ws2/install/indy7_ign/share/indy7_ign/local_setup.sh
[1.842s] -- Symlinking: /home/lsh/robot_ws2/install/indy7_ign/share/indy7_ign/local_setup.zsh
[1.855s] -- Symlinking: /home/lsh/robot_ws2/install/indy7_ign/share/indy7_ign/local_setup.dsv
[1.865s] -- Symlinking: /home/lsh/robot_ws2/install/indy7_ign/share/indy7_ign/package.dsv
[1.876s] -- Symlinking: /home/lsh/robot_ws2/install/indy7_ign/share/ament_index/resource_index/packages/indy7_ign
[1.887s] -- Symlinking: /home/lsh/robot_ws2/install/indy7_ign/share/indy7_ign/cmake/indy7_ignConfig.cmake
[1.910s] -- Symlinking: /home/lsh/robot_ws2/install/indy7_ign/share/indy7_ign/cmake/indy7_ignConfig-version.cmake
[1.920s] -- Symlinking: /home/lsh/robot_ws2/install/indy7_ign/share/indy7_ign/package.xml
[1.937s] Invoked command in '/home/lsh/robot_ws2/build/indy7_ign' returned '0': CMAKE_PREFIX_PATH=${CMAKE_PREFIX_PATH}:/home/lsh/robot_ws/install/topic_service_action_rclpy_example:/home/lsh/robot_ws/install/time_rclpy_example:/home/lsh/robot_ws/install/tf2_rclpy_example:/home/lsh/robot_ws/install/ros2env:/home/lsh/robot_ws/install/my_first_ros_rclpy_pkg:/home/lsh/robot_ws/install/logging_rclpy_example:/opt/ros/foxy /usr/bin/cmake --install /home/lsh/robot_ws2/build/indy7_ign
