[0.028s] Invoking command in '/home/lsh/robot_ws2/build/indy7_ign_moveit2': CMAKE_PREFIX_PATH=${CMAKE_PREFIX_PATH}:/home/lsh/robot_ws/install/topic_service_action_rclpy_example:/home/lsh/robot_ws/install/time_rclpy_example:/home/lsh/robot_ws/install/tf2_rclpy_example:/home/lsh/robot_ws/install/ros2env:/home/lsh/robot_ws/install/my_first_ros_rclpy_pkg:/home/lsh/robot_ws/install/logging_rclpy_example:/opt/ros/foxy /usr/bin/cmake /home/lsh/robot_ws2/src/indy7_ign_moveit2-main -DAMENT_CMAKE_SYMLINK_INSTALL=1 -DCMAKE_INSTALL_PREFIX=/home/lsh/robot_ws2/install/indy7_ign_moveit2
[0.152s] -- The C compiler identification is GNU 9.3.0
[0.254s] -- The CXX compiler identification is GNU 9.3.0
[0.261s] -- Check for working C compiler: /usr/bin/cc
[0.335s] -- Check for working C compiler: /usr/bin/cc -- works
[0.336s] -- Detecting C compiler ABI info
[0.418s] -- Detecting C compiler ABI info - done
[0.432s] -- Detecting C compile features
[0.433s] -- Detecting C compile features - done
[0.436s] -- Check for working CXX compiler: /usr/bin/c++
[0.567s] -- Check for working CXX compiler: /usr/bin/c++ -- works
[0.567s] -- Detecting CXX compiler ABI info
[0.716s] -- Detecting CXX compiler ABI info - done
[0.739s] -- Detecting CXX compile features
[0.740s] -- Detecting CXX compile features - done
[0.746s] -- Found ament_cmake: 0.9.9 (/opt/ros/foxy/share/ament_cmake/cmake)
[0.804s] -- Found PythonInterp: /usr/bin/python3 (found suitable version "3.8.10", minimum required is "3") 
[0.805s] -- Using PYTHON_EXECUTABLE: /usr/bin/python3
[1.107s] -- Override CMake install command with custom implementation using symlinks instead of copying resources
[1.206s] -- Found rclcpp: 2.4.0 (/opt/ros/foxy/share/rclcpp/cmake)
[1.328s] -- Using all available rosidl_typesupport_c: rosidl_typesupport_fastrtps_c;rosidl_typesupport_introspection_c
[1.344s] -- Found rosidl_adapter: 1.2.1 (/opt/ros/foxy/share/rosidl_adapter/cmake)
[1.560s] -- Found OpenSSL: /usr/lib/x86_64-linux-gnu/libcrypto.so (found version "1.1.1f")  
[1.618s] -- Found FastRTPS: /opt/ros/foxy/include  
[1.849s] -- Using all available rosidl_typesupport_cpp: rosidl_typesupport_fastrtps_cpp;rosidl_typesupport_introspection_cpp
[2.032s] -- Found rmw_implementation_cmake: 1.0.3 (/opt/ros/foxy/share/rmw_implementation_cmake/cmake)
[2.037s] -- Using RMW implementation 'rmw_fastrtps_cpp' as default
[2.040s] -- Looking for pthread.h
[2.134s] -- Looking for pthread.h - found
[2.134s] -- Performing Test CMAKE_HAVE_LIBC_PTHREAD
[2.213s] -- Performing Test CMAKE_HAVE_LIBC_PTHREAD - Failed
[2.214s] -- Looking for pthread_create in pthreads
[2.268s] -- Looking for pthread_create in pthreads - not found
[2.268s] -- Looking for pthread_create in pthread
[2.347s] -- Looking for pthread_create in pthread - found
[2.347s] -- Found Threads: TRUE  
[2.608s] -- Found moveit_ros_planning_interface: 2.2.2 (/opt/ros/foxy/share/moveit_ros_planning_interface/cmake)
[2.623s] -- Found Boost: /usr/lib/x86_64-linux-gnu/cmake/Boost-1.71.0/BoostConfig.cmake (found version "1.71.0")  
[2.664s] -- Found Boost: /usr/lib/x86_64-linux-gnu/cmake/Boost-1.71.0/BoostConfig.cmake (found version "1.71.0") found components: date_time filesystem program_options system thread 
[4.232s] -- Found Boost: /usr/lib/x86_64-linux-gnu/cmake/Boost-1.71.0/BoostConfig.cmake (found version "1.71.0") found components: chrono date_time filesystem iostreams program_options regex serialization system thread 
[4.372s] -- library: /usr/lib/x86_64-linux-gnu/libcurl.so
[4.489s] -- Found Eigen3: TRUE (found version "3.3.7") 
[5.292s] -- Found Boost: /usr/lib/x86_64-linux-gnu/cmake/Boost-1.71.0/BoostConfig.cmake (found version "1.71.0") found components: system filesystem date_time program_options thread chrono 
[5.618s] -- Found Boost: /usr/lib/x86_64-linux-gnu/cmake/Boost-1.71.0/BoostConfig.cmake (found version "1.71.0") found components: thread 
[6.392s] -- Found Boost: /usr/lib/x86_64-linux-gnu/cmake/Boost-1.71.0/BoostConfig.cmake (found version "1.71.0") found components: thread system filesystem regex date_time program_options 
[6.815s] -- Found Boost: /usr/lib/x86_64-linux-gnu/cmake/Boost-1.71.0/BoostConfig.cmake (found version "1.71.0") found components: system filesystem date_time program_options thread 
[7.586s] -- Configuring done
[7.629s] -- Generating done
[7.632s] -- Build files have been written to: /home/lsh/robot_ws2/build/indy7_ign_moveit2
[7.644s] Invoked command in '/home/lsh/robot_ws2/build/indy7_ign_moveit2' returned '0': CMAKE_PREFIX_PATH=${CMAKE_PREFIX_PATH}:/home/lsh/robot_ws/install/topic_service_action_rclpy_example:/home/lsh/robot_ws/install/time_rclpy_example:/home/lsh/robot_ws/install/tf2_rclpy_example:/home/lsh/robot_ws/install/ros2env:/home/lsh/robot_ws/install/my_first_ros_rclpy_pkg:/home/lsh/robot_ws/install/logging_rclpy_example:/opt/ros/foxy /usr/bin/cmake /home/lsh/robot_ws2/src/indy7_ign_moveit2-main -DAMENT_CMAKE_SYMLINK_INSTALL=1 -DCMAKE_INSTALL_PREFIX=/home/lsh/robot_ws2/install/indy7_ign_moveit2
[7.647s] Invoking command in '/home/lsh/robot_ws2/build/indy7_ign_moveit2': CMAKE_PREFIX_PATH=${CMAKE_PREFIX_PATH}:/home/lsh/robot_ws/install/topic_service_action_rclpy_example:/home/lsh/robot_ws/install/time_rclpy_example:/home/lsh/robot_ws/install/tf2_rclpy_example:/home/lsh/robot_ws/install/ros2env:/home/lsh/robot_ws/install/my_first_ros_rclpy_pkg:/home/lsh/robot_ws/install/logging_rclpy_example:/opt/ros/foxy /usr/bin/cmake --build /home/lsh/robot_ws2/build/indy7_ign_moveit2 -- -j4 -l4
[7.688s] [35m[1mScanning dependencies of target example_ign_moveit2[0m
[7.877s] [ 50%] [32mBuilding CXX object CMakeFiles/example_ign_moveit2.dir/examples/cpp/example_ign_moveit2.cpp.o[0m
[17.815s] [100%] [32m[1mLinking CXX executable example_ign_moveit2[0m
[18.291s] [100%] Built target example_ign_moveit2
[18.301s] Invoked command in '/home/lsh/robot_ws2/build/indy7_ign_moveit2' returned '0': CMAKE_PREFIX_PATH=${CMAKE_PREFIX_PATH}:/home/lsh/robot_ws/install/topic_service_action_rclpy_example:/home/lsh/robot_ws/install/time_rclpy_example:/home/lsh/robot_ws/install/tf2_rclpy_example:/home/lsh/robot_ws/install/ros2env:/home/lsh/robot_ws/install/my_first_ros_rclpy_pkg:/home/lsh/robot_ws/install/logging_rclpy_example:/opt/ros/foxy /usr/bin/cmake --build /home/lsh/robot_ws2/build/indy7_ign_moveit2 -- -j4 -l4
[18.323s] Invoking command in '/home/lsh/robot_ws2/build/indy7_ign_moveit2': CMAKE_PREFIX_PATH=${CMAKE_PREFIX_PATH}:/home/lsh/robot_ws/install/topic_service_action_rclpy_example:/home/lsh/robot_ws/install/time_rclpy_example:/home/lsh/robot_ws/install/tf2_rclpy_example:/home/lsh/robot_ws/install/ros2env:/home/lsh/robot_ws/install/my_first_ros_rclpy_pkg:/home/lsh/robot_ws/install/logging_rclpy_example:/opt/ros/foxy /usr/bin/cmake --install /home/lsh/robot_ws2/build/indy7_ign_moveit2
[18.330s] -- Install configuration: ""
[18.331s] -- Execute custom install script
[18.331s] -- Symlinking: /home/lsh/robot_ws2/install/indy7_ign_moveit2/lib/indy7_ign_moveit2/example_ign_moveit2
[18.339s] -- Symlinking: /home/lsh/robot_ws2/install/indy7_ign_moveit2/share/indy7_ign_moveit2/environment/pythonpath.sh
[18.348s] -- Symlinking: /home/lsh/robot_ws2/install/indy7_ign_moveit2/share/indy7_ign_moveit2/environment/pythonpath.dsv
[18.356s] -- Symlinking: /home/lsh/robot_ws2/install/indy7_ign_moveit2/lib/python3.8/site-packages/moveit2.py
[18.363s] -- Symlinking: /home/lsh/robot_ws2/install/indy7_ign_moveit2/lib/indy7_ign_moveit2/example_joint_goal.py
[18.371s] -- Symlinking: /home/lsh/robot_ws2/install/indy7_ign_moveit2/lib/indy7_ign_moveit2/example_pose_goal.py
[18.378s] -- Symlinking: /home/lsh/robot_ws2/install/indy7_ign_moveit2/lib/indy7_ign_moveit2/example_follow_object.py
[18.386s] -- Symlinking: /home/lsh/robot_ws2/install/indy7_ign_moveit2/lib/indy7_ign_moveit2/example_follow_object_wait_until_executed.py
[18.395s] -- Symlinking: /home/lsh/robot_ws2/install/indy7_ign_moveit2/lib/indy7_ign_moveit2/example_follow_object_direct.py
[18.402s] -- Symlinking: /home/lsh/robot_ws2/install/indy7_ign_moveit2/lib/indy7_ign_moveit2/example_gripper.py
[18.410s] -- Symlinking: /home/lsh/robot_ws2/install/indy7_ign_moveit2/lib/indy7_ign_moveit2/example_throw.py
[18.419s] -- Symlinking: /home/lsh/robot_ws2/install/indy7_ign_moveit2/share/indy7_ign_moveit2/launch/examples/example_cpp.launch.py
[18.427s] -- Symlinking: /home/lsh/robot_ws2/install/indy7_ign_moveit2/share/indy7_ign_moveit2/launch/examples/example_follow_object.launch.py
[18.435s] -- Symlinking: /home/lsh/robot_ws2/install/indy7_ign_moveit2/share/indy7_ign_moveit2/launch/examples/example_follow_object_direct.launch.py
[18.443s] -- Symlinking: /home/lsh/robot_ws2/install/indy7_ign_moveit2/share/indy7_ign_moveit2/launch/examples/example_follow_object_wait_until_executed.launch.py
[18.450s] -- Symlinking: /home/lsh/robot_ws2/install/indy7_ign_moveit2/share/indy7_ign_moveit2/launch/examples/example_joint_goal.launch.py
[18.458s] -- Symlinking: /home/lsh/robot_ws2/install/indy7_ign_moveit2/share/indy7_ign_moveit2/launch/examples/example_pose_goal.launch.py
[18.466s] -- Symlinking: /home/lsh/robot_ws2/install/indy7_ign_moveit2/share/indy7_ign_moveit2/launch/examples/example_throw.launch.py
[18.473s] -- Symlinking: /home/lsh/robot_ws2/install/indy7_ign_moveit2/share/indy7_ign_moveit2/launch/examples/worlds/world_indy7_follow.launch.py
[18.482s] -- Symlinking: /home/lsh/robot_ws2/install/indy7_ign_moveit2/share/indy7_ign_moveit2/launch/examples/worlds/world_indy7_throw.launch.py
[18.490s] -- Symlinking: /home/lsh/robot_ws2/install/indy7_ign_moveit2/share/indy7_ign_moveit2/launch/ign_moveit2.launch.py
[18.498s] -- Symlinking: /home/lsh/robot_ws2/install/indy7_ign_moveit2/share/indy7_ign_moveit2/launch/rviz.rviz
[18.506s] -- Symlinking: /home/lsh/robot_ws2/install/indy7_ign_moveit2/share/indy7_ign_moveit2/worlds/indy7_follow.sdf
[18.515s] -- Symlinking: /home/lsh/robot_ws2/install/indy7_ign_moveit2/share/indy7_ign_moveit2/worlds/indy7_throw.sdf
[18.523s] -- Symlinking: /home/lsh/robot_ws2/install/indy7_ign_moveit2/share/ament_index/resource_index/package_run_dependencies/indy7_ign_moveit2
[18.531s] -- Symlinking: /home/lsh/robot_ws2/install/indy7_ign_moveit2/share/ament_index/resource_index/parent_prefix_path/indy7_ign_moveit2
[18.539s] -- Symlinking: /home/lsh/robot_ws2/install/indy7_ign_moveit2/share/indy7_ign_moveit2/environment/ament_prefix_path.sh
[18.548s] -- Symlinking: /home/lsh/robot_ws2/install/indy7_ign_moveit2/share/indy7_ign_moveit2/environment/ament_prefix_path.dsv
[18.556s] -- Symlinking: /home/lsh/robot_ws2/install/indy7_ign_moveit2/share/indy7_ign_moveit2/environment/path.sh
[18.564s] -- Symlinking: /home/lsh/robot_ws2/install/indy7_ign_moveit2/share/indy7_ign_moveit2/environment/path.dsv
[18.571s] -- Symlinking: /home/lsh/robot_ws2/install/indy7_ign_moveit2/share/indy7_ign_moveit2/local_setup.bash
[18.579s] -- Symlinking: /home/lsh/robot_ws2/install/indy7_ign_moveit2/share/indy7_ign_moveit2/local_setup.sh
[18.587s] -- Symlinking: /home/lsh/robot_ws2/install/indy7_ign_moveit2/share/indy7_ign_moveit2/local_setup.zsh
[18.595s] -- Symlinking: /home/lsh/robot_ws2/install/indy7_ign_moveit2/share/indy7_ign_moveit2/local_setup.dsv
[18.604s] -- Symlinking: /home/lsh/robot_ws2/install/indy7_ign_moveit2/share/indy7_ign_moveit2/package.dsv
[18.612s] -- Symlinking: /home/lsh/robot_ws2/install/indy7_ign_moveit2/share/ament_index/resource_index/packages/indy7_ign_moveit2
[18.620s] -- Symlinking: /home/lsh/robot_ws2/install/indy7_ign_moveit2/share/indy7_ign_moveit2/cmake/indy7_ign_moveit2Config.cmake
[18.628s] -- Symlinking: /home/lsh/robot_ws2/install/indy7_ign_moveit2/share/indy7_ign_moveit2/cmake/indy7_ign_moveit2Config-version.cmake
[18.637s] -- Symlinking: /home/lsh/robot_ws2/install/indy7_ign_moveit2/share/indy7_ign_moveit2/package.xml
[18.683s] Compiling '/home/lsh/robot_ws2/install/indy7_ign_moveit2/lib/python3.8/site-packages/moveit2.py'...
[18.691s] Invoked command in '/home/lsh/robot_ws2/build/indy7_ign_moveit2' returned '0': CMAKE_PREFIX_PATH=${CMAKE_PREFIX_PATH}:/home/lsh/robot_ws/install/topic_service_action_rclpy_example:/home/lsh/robot_ws/install/time_rclpy_example:/home/lsh/robot_ws/install/tf2_rclpy_example:/home/lsh/robot_ws/install/ros2env:/home/lsh/robot_ws/install/my_first_ros_rclpy_pkg:/home/lsh/robot_ws/install/logging_rclpy_example:/opt/ros/foxy /usr/bin/cmake --install /home/lsh/robot_ws2/build/indy7_ign_moveit2
