[0.030s] Invoking command in '/home/lsh/robot_ws2/build/indy7_ign_moveit2': CMAKE_PREFIX_PATH=${CMAKE_PREFIX_PATH}:/home/lsh/robot_ws/install/topic_service_action_rclpy_example:/home/lsh/robot_ws/install/time_rclpy_example:/home/lsh/robot_ws/install/tf2_rclpy_example:/home/lsh/robot_ws/install/ros2env:/home/lsh/robot_ws/install/my_first_ros_rclpy_pkg:/home/lsh/robot_ws/install/logging_rclpy_example:/opt/ros/foxy /usr/bin/cmake --build /home/lsh/robot_ws2/build/indy7_ign_moveit2 -- -j4 -l4
[0.132s] [100%] Built target example_ign_moveit2
[0.143s] Invoked command in '/home/lsh/robot_ws2/build/indy7_ign_moveit2' returned '0': CMAKE_PREFIX_PATH=${CMAKE_PREFIX_PATH}:/home/lsh/robot_ws/install/topic_service_action_rclpy_example:/home/lsh/robot_ws/install/time_rclpy_example:/home/lsh/robot_ws/install/tf2_rclpy_example:/home/lsh/robot_ws/install/ros2env:/home/lsh/robot_ws/install/my_first_ros_rclpy_pkg:/home/lsh/robot_ws/install/logging_rclpy_example:/opt/ros/foxy /usr/bin/cmake --build /home/lsh/robot_ws2/build/indy7_ign_moveit2 -- -j4 -l4
[0.178s] Invoking command in '/home/lsh/robot_ws2/build/indy7_ign_moveit2': CMAKE_PREFIX_PATH=${CMAKE_PREFIX_PATH}:/home/lsh/robot_ws/install/topic_service_action_rclpy_example:/home/lsh/robot_ws/install/time_rclpy_example:/home/lsh/robot_ws/install/tf2_rclpy_example:/home/lsh/robot_ws/install/ros2env:/home/lsh/robot_ws/install/my_first_ros_rclpy_pkg:/home/lsh/robot_ws/install/logging_rclpy_example:/opt/ros/foxy /usr/bin/cmake --install /home/lsh/robot_ws2/build/indy7_ign_moveit2
[0.187s] -- Install configuration: ""
[0.187s] -- Execute custom install script
[0.188s] -- Up-to-date symlink: /home/lsh/robot_ws2/install/indy7_ign_moveit2/lib/indy7_ign_moveit2/example_ign_moveit2
[0.189s] -- Up-to-date symlink: /home/lsh/robot_ws2/install/indy7_ign_moveit2/share/indy7_ign_moveit2/environment/pythonpath.sh
[0.189s] -- Up-to-date symlink: /home/lsh/robot_ws2/install/indy7_ign_moveit2/share/indy7_ign_moveit2/environment/pythonpath.dsv
[0.189s] -- Up-to-date symlink: /home/lsh/robot_ws2/install/indy7_ign_moveit2/lib/python3.8/site-packages/moveit2.py
[0.189s] -- Up-to-date symlink: /home/lsh/robot_ws2/install/indy7_ign_moveit2/lib/indy7_ign_moveit2/example_joint_goal.py
[0.190s] -- Up-to-date symlink: /home/lsh/robot_ws2/install/indy7_ign_moveit2/lib/indy7_ign_moveit2/example_pose_goal.py
[0.190s] -- Up-to-date symlink: /home/lsh/robot_ws2/install/indy7_ign_moveit2/lib/indy7_ign_moveit2/example_follow_object.py
[0.191s] -- Up-to-date symlink: /home/lsh/robot_ws2/install/indy7_ign_moveit2/lib/indy7_ign_moveit2/example_follow_object_wait_until_executed.py
[0.191s] -- Up-to-date symlink: /home/lsh/robot_ws2/install/indy7_ign_moveit2/lib/indy7_ign_moveit2/example_follow_object_direct.py
[0.191s] -- Up-to-date symlink: /home/lsh/robot_ws2/install/indy7_ign_moveit2/lib/indy7_ign_moveit2/example_gripper.py
[0.192s] -- Up-to-date symlink: /home/lsh/robot_ws2/install/indy7_ign_moveit2/lib/indy7_ign_moveit2/example_throw.py
[0.192s] -- Up-to-date symlink: /home/lsh/robot_ws2/install/indy7_ign_moveit2/share/indy7_ign_moveit2/launch/examples/example_cpp.launch.py
[0.192s] -- Up-to-date symlink: /home/lsh/robot_ws2/install/indy7_ign_moveit2/share/indy7_ign_moveit2/launch/examples/example_follow_object.launch.py
[0.193s] -- Up-to-date symlink: /home/lsh/robot_ws2/install/indy7_ign_moveit2/share/indy7_ign_moveit2/launch/examples/example_follow_object_direct.launch.py
[0.193s] -- Up-to-date symlink: /home/lsh/robot_ws2/install/indy7_ign_moveit2/share/indy7_ign_moveit2/launch/examples/example_follow_object_wait_until_executed.launch.py
[0.193s] -- Up-to-date symlink: /home/lsh/robot_ws2/install/indy7_ign_moveit2/share/indy7_ign_moveit2/launch/examples/example_joint_goal.launch.py
[0.193s] -- Up-to-date symlink: /home/lsh/robot_ws2/install/indy7_ign_moveit2/share/indy7_ign_moveit2/launch/examples/example_pose_goal.launch.py
[0.194s] -- Up-to-date symlink: /home/lsh/robot_ws2/install/indy7_ign_moveit2/share/indy7_ign_moveit2/launch/examples/example_throw.launch.py
[0.194s] -- Up-to-date symlink: /home/lsh/robot_ws2/install/indy7_ign_moveit2/share/indy7_ign_moveit2/launch/examples/worlds/world_indy7_follow.launch.py
[0.194s] -- Up-to-date symlink: /home/lsh/robot_ws2/install/indy7_ign_moveit2/share/indy7_ign_moveit2/launch/examples/worlds/world_indy7_throw.launch.py
[0.194s] -- Up-to-date symlink: /home/lsh/robot_ws2/install/indy7_ign_moveit2/share/indy7_ign_moveit2/launch/ign_moveit2.launch.py
[0.194s] -- Up-to-date symlink: /home/lsh/robot_ws2/install/indy7_ign_moveit2/share/indy7_ign_moveit2/launch/rviz.rviz
[0.194s] -- Up-to-date symlink: /home/lsh/robot_ws2/install/indy7_ign_moveit2/share/indy7_ign_moveit2/worlds/indy7_follow.sdf
[0.194s] -- Up-to-date symlink: /home/lsh/robot_ws2/install/indy7_ign_moveit2/share/indy7_ign_moveit2/worlds/indy7_throw.sdf
[0.195s] -- Up-to-date symlink: /home/lsh/robot_ws2/install/indy7_ign_moveit2/share/ament_index/resource_index/package_run_dependencies/indy7_ign_moveit2
[0.197s] -- Up-to-date symlink: /home/lsh/robot_ws2/install/indy7_ign_moveit2/share/ament_index/resource_index/parent_prefix_path/indy7_ign_moveit2
[0.197s] -- Up-to-date symlink: /home/lsh/robot_ws2/install/indy7_ign_moveit2/share/indy7_ign_moveit2/environment/ament_prefix_path.sh
[0.197s] -- Up-to-date symlink: /home/lsh/robot_ws2/install/indy7_ign_moveit2/share/indy7_ign_moveit2/environment/ament_prefix_path.dsv
[0.198s] -- Up-to-date symlink: /home/lsh/robot_ws2/install/indy7_ign_moveit2/share/indy7_ign_moveit2/environment/path.sh
[0.198s] -- Up-to-date symlink: /home/lsh/robot_ws2/install/indy7_ign_moveit2/share/indy7_ign_moveit2/environment/path.dsv
[0.198s] -- Up-to-date symlink: /home/lsh/robot_ws2/install/indy7_ign_moveit2/share/indy7_ign_moveit2/local_setup.bash
[0.198s] -- Up-to-date symlink: /home/lsh/robot_ws2/install/indy7_ign_moveit2/share/indy7_ign_moveit2/local_setup.sh
[0.198s] -- Up-to-date symlink: /home/lsh/robot_ws2/install/indy7_ign_moveit2/share/indy7_ign_moveit2/local_setup.zsh
[0.198s] -- Up-to-date symlink: /home/lsh/robot_ws2/install/indy7_ign_moveit2/share/indy7_ign_moveit2/local_setup.dsv
[0.198s] -- Symlinking: /home/lsh/robot_ws2/install/indy7_ign_moveit2/share/indy7_ign_moveit2/package.dsv
[0.206s] -- Up-to-date symlink: /home/lsh/robot_ws2/install/indy7_ign_moveit2/share/ament_index/resource_index/packages/indy7_ign_moveit2
[0.206s] -- Up-to-date symlink: /home/lsh/robot_ws2/install/indy7_ign_moveit2/share/indy7_ign_moveit2/cmake/indy7_ign_moveit2Config.cmake
[0.206s] -- Up-to-date symlink: /home/lsh/robot_ws2/install/indy7_ign_moveit2/share/indy7_ign_moveit2/cmake/indy7_ign_moveit2Config-version.cmake
[0.206s] -- Up-to-date symlink: /home/lsh/robot_ws2/install/indy7_ign_moveit2/share/indy7_ign_moveit2/package.xml
[0.247s] Invoked command in '/home/lsh/robot_ws2/build/indy7_ign_moveit2' returned '0': CMAKE_PREFIX_PATH=${CMAKE_PREFIX_PATH}:/home/lsh/robot_ws/install/topic_service_action_rclpy_example:/home/lsh/robot_ws/install/time_rclpy_example:/home/lsh/robot_ws/install/tf2_rclpy_example:/home/lsh/robot_ws/install/ros2env:/home/lsh/robot_ws/install/my_first_ros_rclpy_pkg:/home/lsh/robot_ws/install/logging_rclpy_example:/opt/ros/foxy /usr/bin/cmake --install /home/lsh/robot_ws2/build/indy7_ign_moveit2
