[0.030s] Invoking command in '/home/lsh/robot_ws2/build/indy7_moveit2_config': CMAKE_PREFIX_PATH=${CMAKE_PREFIX_PATH}:/home/lsh/robot_ws/install/topic_service_action_rclpy_example:/home/lsh/robot_ws/install/time_rclpy_example:/home/lsh/robot_ws/install/tf2_rclpy_example:/home/lsh/robot_ws/install/ros2env:/home/lsh/robot_ws/install/my_first_ros_rclpy_pkg:/home/lsh/robot_ws/install/logging_rclpy_example:/opt/ros/foxy /usr/bin/cmake /home/lsh/robot_ws2/src/indy7_moveit2_config-main -DAMENT_CMAKE_SYMLINK_INSTALL=1 -DCMAKE_INSTALL_PREFIX=/home/lsh/robot_ws2/install/indy7_moveit2_config
[0.164s] -- The C compiler identification is GNU 9.3.0
[0.306s] -- The CXX compiler identification is GNU 9.3.0
[0.314s] -- Check for working C compiler: /usr/bin/cc
[0.397s] -- Check for working C compiler: /usr/bin/cc -- works
[0.398s] -- Detecting C compiler ABI info
[0.467s] -- Detecting C compiler ABI info - done
[0.485s] -- Detecting C compile features
[0.489s] -- Detecting C compile features - done
[0.490s] -- Check for working CXX compiler: /usr/bin/c++
[0.596s] -- Check for working CXX compiler: /usr/bin/c++ -- works
[0.596s] -- Detecting CXX compiler ABI info
[0.719s] -- Detecting CXX compiler ABI info - done
[0.736s] -- Detecting CXX compile features
[0.736s] -- Detecting CXX compile features - done
[0.744s] -- Found ament_cmake: 0.9.9 (/opt/ros/foxy/share/ament_cmake/cmake)
[0.794s] -- Found PythonInterp: /usr/bin/python3 (found suitable version "3.8.10", minimum required is "3") 
[0.794s] -- Using PYTHON_EXECUTABLE: /usr/bin/python3
[1.071s] -- Override CMake install command with custom implementation using symlinks instead of copying resources
[1.181s] -- Configuring done
[1.183s] -- Generating done
[1.184s] -- Build files have been written to: /home/lsh/robot_ws2/build/indy7_moveit2_config
[1.188s] Invoked command in '/home/lsh/robot_ws2/build/indy7_moveit2_config' returned '0': CMAKE_PREFIX_PATH=${CMAKE_PREFIX_PATH}:/home/lsh/robot_ws/install/topic_service_action_rclpy_example:/home/lsh/robot_ws/install/time_rclpy_example:/home/lsh/robot_ws/install/tf2_rclpy_example:/home/lsh/robot_ws/install/ros2env:/home/lsh/robot_ws/install/my_first_ros_rclpy_pkg:/home/lsh/robot_ws/install/logging_rclpy_example:/opt/ros/foxy /usr/bin/cmake /home/lsh/robot_ws2/src/indy7_moveit2_config-main -DAMENT_CMAKE_SYMLINK_INSTALL=1 -DCMAKE_INSTALL_PREFIX=/home/lsh/robot_ws2/install/indy7_moveit2_config
[1.191s] Invoking command in '/home/lsh/robot_ws2/build/indy7_moveit2_config': CMAKE_PREFIX_PATH=${CMAKE_PREFIX_PATH}:/home/lsh/robot_ws/install/topic_service_action_rclpy_example:/home/lsh/robot_ws/install/time_rclpy_example:/home/lsh/robot_ws/install/tf2_rclpy_example:/home/lsh/robot_ws/install/ros2env:/home/lsh/robot_ws/install/my_first_ros_rclpy_pkg:/home/lsh/robot_ws/install/logging_rclpy_example:/opt/ros/foxy /usr/bin/cmake --build /home/lsh/robot_ws2/build/indy7_moveit2_config -- -j4 -l4
[1.252s] Invoked command in '/home/lsh/robot_ws2/build/indy7_moveit2_config' returned '0': CMAKE_PREFIX_PATH=${CMAKE_PREFIX_PATH}:/home/lsh/robot_ws/install/topic_service_action_rclpy_example:/home/lsh/robot_ws/install/time_rclpy_example:/home/lsh/robot_ws/install/tf2_rclpy_example:/home/lsh/robot_ws/install/ros2env:/home/lsh/robot_ws/install/my_first_ros_rclpy_pkg:/home/lsh/robot_ws/install/logging_rclpy_example:/opt/ros/foxy /usr/bin/cmake --build /home/lsh/robot_ws2/build/indy7_moveit2_config -- -j4 -l4
[1.325s] Invoking command in '/home/lsh/robot_ws2/build/indy7_moveit2_config': CMAKE_PREFIX_PATH=${CMAKE_PREFIX_PATH}:/home/lsh/robot_ws/install/topic_service_action_rclpy_example:/home/lsh/robot_ws/install/time_rclpy_example:/home/lsh/robot_ws/install/tf2_rclpy_example:/home/lsh/robot_ws/install/ros2env:/home/lsh/robot_ws/install/my_first_ros_rclpy_pkg:/home/lsh/robot_ws/install/logging_rclpy_example:/opt/ros/foxy /usr/bin/cmake --install /home/lsh/robot_ws2/build/indy7_moveit2_config
[1.337s] -- Install configuration: ""
[1.338s] -- Execute custom install script
[1.339s] -- Symlinking: /home/lsh/robot_ws2/install/indy7_moveit2_config/share/indy7_moveit2_config/config/fake_control/controllers.yaml
[1.350s] -- Symlinking: /home/lsh/robot_ws2/install/indy7_moveit2_config/share/indy7_moveit2_config/config/fake_control/indy7_arm_controller.yaml
[1.365s] -- Symlinking: /home/lsh/robot_ws2/install/indy7_moveit2_config/share/indy7_moveit2_config/config/fake_control/start_position.yaml
[1.373s] -- Symlinking: /home/lsh/robot_ws2/install/indy7_moveit2_config/share/indy7_moveit2_config/config/joint_limits.yaml
[1.384s] -- Symlinking: /home/lsh/robot_ws2/install/indy7_moveit2_config/share/indy7_moveit2_config/config/kinematics.yaml
[1.397s] -- Symlinking: /home/lsh/robot_ws2/install/indy7_moveit2_config/share/indy7_moveit2_config/config/ompl_planning.yaml
[1.409s] -- Symlinking: /home/lsh/robot_ws2/install/indy7_moveit2_config/share/indy7_moveit2_config/srdf/indy7.srdf
[1.420s] -- Symlinking: /home/lsh/robot_ws2/install/indy7_moveit2_config/share/indy7_moveit2_config/srdf/indy7_arm.srdf.xacro
[1.432s] -- Symlinking: /home/lsh/robot_ws2/install/indy7_moveit2_config/share/indy7_moveit2_config/srdf/indy7_arm.xacro
[1.445s] CMake Warning (dev) at ament_cmake_symlink_install/ament_cmake_symlink_install.cmake:62 (file):
[1.445s]   Policy CMP0009 is not set: FILE GLOB_RECURSE calls should not follow
[1.445s]   symlinks by default.  Run "cmake --help-policy CMP0009" for policy details.
[1.445s]   Use the cmake_policy command to set the policy and suppress this warning.
[1.445s] Call Stack (most recent call first):
[1.445s]   ament_cmake_symlink_install/ament_cmake_symlink_install.cmake:314 (ament_cmake_symlink_install_directory)
[1.446s]   cmake_install.cmake:41 (include)
[1.446s] This warning is for project developers.  Use -Wno-dev to suppress it.
[1.446s] 
[1.447s] -- Symlinking: /home/lsh/robot_ws2/install/indy7_moveit2_config/share/indy7_moveit2_config/srdf2/build/.built_by
[1.466s] -- Symlinking: /home/lsh/robot_ws2/install/indy7_moveit2_config/share/indy7_moveit2_config/srdf2/build/COLCON_IGNORE
[1.478s] -- Symlinking: /home/lsh/robot_ws2/install/indy7_moveit2_config/share/indy7_moveit2_config/srdf2/hand.xacro
[1.489s] -- Symlinking: /home/lsh/robot_ws2/install/indy7_moveit2_config/share/indy7_moveit2_config/srdf2/indy7.srdf
[1.501s] -- Symlinking: /home/lsh/robot_ws2/install/indy7_moveit2_config/share/indy7_moveit2_config/srdf2/indy7_arm.srdf.xacro
[1.514s] -- Symlinking: /home/lsh/robot_ws2/install/indy7_moveit2_config/share/indy7_moveit2_config/srdf2/indy7_arm.xacro
[1.527s] -- Symlinking: /home/lsh/robot_ws2/install/indy7_moveit2_config/share/indy7_moveit2_config/srdf2/indy7whand.srdf
[1.544s] -- Symlinking: /home/lsh/robot_ws2/install/indy7_moveit2_config/share/indy7_moveit2_config/srdf2/install/.colcon_install_layout
[1.553s] -- Symlinking: /home/lsh/robot_ws2/install/indy7_moveit2_config/share/indy7_moveit2_config/srdf2/install/COLCON_IGNORE
[1.564s] -- Symlinking: /home/lsh/robot_ws2/install/indy7_moveit2_config/share/indy7_moveit2_config/srdf2/install/_local_setup_util_ps1.py
[1.574s] -- Symlinking: /home/lsh/robot_ws2/install/indy7_moveit2_config/share/indy7_moveit2_config/srdf2/install/_local_setup_util_sh.py
[1.585s] -- Symlinking: /home/lsh/robot_ws2/install/indy7_moveit2_config/share/indy7_moveit2_config/srdf2/install/local_setup.bash
[1.596s] -- Symlinking: /home/lsh/robot_ws2/install/indy7_moveit2_config/share/indy7_moveit2_config/srdf2/install/local_setup.ps1
[1.608s] -- Symlinking: /home/lsh/robot_ws2/install/indy7_moveit2_config/share/indy7_moveit2_config/srdf2/install/local_setup.sh
[1.626s] -- Symlinking: /home/lsh/robot_ws2/install/indy7_moveit2_config/share/indy7_moveit2_config/srdf2/install/local_setup.zsh
[1.637s] -- Symlinking: /home/lsh/robot_ws2/install/indy7_moveit2_config/share/indy7_moveit2_config/srdf2/install/setup.bash
[1.649s] -- Symlinking: /home/lsh/robot_ws2/install/indy7_moveit2_config/share/indy7_moveit2_config/srdf2/install/setup.ps1
[1.662s] -- Symlinking: /home/lsh/robot_ws2/install/indy7_moveit2_config/share/indy7_moveit2_config/srdf2/install/setup.sh
[1.672s] -- Symlinking: /home/lsh/robot_ws2/install/indy7_moveit2_config/share/indy7_moveit2_config/srdf2/install/setup.zsh
[1.682s] -- Symlinking: /home/lsh/robot_ws2/install/indy7_moveit2_config/share/indy7_moveit2_config/srdf2/log/COLCON_IGNORE
[1.693s] -- Symlinking: /home/lsh/robot_ws2/install/indy7_moveit2_config/share/indy7_moveit2_config/srdf2/log/build_2021-12-15_15-41-38/events.log
[1.705s] -- Symlinking: /home/lsh/robot_ws2/install/indy7_moveit2_config/share/indy7_moveit2_config/srdf2/log/build_2021-12-15_15-41-38/logger_all.log
[1.718s] -- Symlinking: /home/lsh/robot_ws2/install/indy7_moveit2_config/share/indy7_moveit2_config/srdf2/log/build_2021-12-15_15-42-58/events.log
[1.730s] -- Symlinking: /home/lsh/robot_ws2/install/indy7_moveit2_config/share/indy7_moveit2_config/srdf2/log/build_2021-12-15_15-42-58/logger_all.log
[1.750s] -- Symlinking: /home/lsh/robot_ws2/install/indy7_moveit2_config/share/indy7_moveit2_config/srdf2/log/latest/events.log
[1.772s] -- Symlinking: /home/lsh/robot_ws2/install/indy7_moveit2_config/share/indy7_moveit2_config/srdf2/log/latest/logger_all.log
[1.788s] -- Symlinking: /home/lsh/robot_ws2/install/indy7_moveit2_config/share/indy7_moveit2_config/srdf2/log/latest_build/events.log
[1.799s] -- Symlinking: /home/lsh/robot_ws2/install/indy7_moveit2_config/share/indy7_moveit2_config/srdf2/log/latest_build/logger_all.log
[1.811s] -- Symlinking: /home/lsh/robot_ws2/install/indy7_moveit2_config/share/indy7_moveit2_config/launch/move_group_action_server.launch.py
[1.821s] -- Symlinking: /home/lsh/robot_ws2/install/indy7_moveit2_config/share/indy7_moveit2_config/launch/move_group_fake_control.launch.py
[1.831s] -- Symlinking: /home/lsh/robot_ws2/install/indy7_moveit2_config/share/indy7_moveit2_config/launch/rviz.rviz
[1.842s] -- Symlinking: /home/lsh/robot_ws2/install/indy7_moveit2_config/share/indy7_moveit2_config/launch/rviz_interactive.rviz
[1.853s] -- Symlinking: /home/lsh/robot_ws2/install/indy7_moveit2_config/share/ament_index/resource_index/package_run_dependencies/indy7_moveit2_config
[1.865s] -- Symlinking: /home/lsh/robot_ws2/install/indy7_moveit2_config/share/ament_index/resource_index/parent_prefix_path/indy7_moveit2_config
[1.878s] -- Symlinking: /home/lsh/robot_ws2/install/indy7_moveit2_config/share/indy7_moveit2_config/environment/ament_prefix_path.sh
[1.891s] -- Symlinking: /home/lsh/robot_ws2/install/indy7_moveit2_config/share/indy7_moveit2_config/environment/ament_prefix_path.dsv
[1.904s] -- Symlinking: /home/lsh/robot_ws2/install/indy7_moveit2_config/share/indy7_moveit2_config/environment/path.sh
[1.917s] -- Symlinking: /home/lsh/robot_ws2/install/indy7_moveit2_config/share/indy7_moveit2_config/environment/path.dsv
[1.931s] -- Symlinking: /home/lsh/robot_ws2/install/indy7_moveit2_config/share/indy7_moveit2_config/local_setup.bash
[1.942s] -- Symlinking: /home/lsh/robot_ws2/install/indy7_moveit2_config/share/indy7_moveit2_config/local_setup.sh
[1.953s] -- Symlinking: /home/lsh/robot_ws2/install/indy7_moveit2_config/share/indy7_moveit2_config/local_setup.zsh
[1.964s] -- Symlinking: /home/lsh/robot_ws2/install/indy7_moveit2_config/share/indy7_moveit2_config/local_setup.dsv
[1.991s] -- Symlinking: /home/lsh/robot_ws2/install/indy7_moveit2_config/share/indy7_moveit2_config/package.dsv
[2.002s] -- Symlinking: /home/lsh/robot_ws2/install/indy7_moveit2_config/share/ament_index/resource_index/packages/indy7_moveit2_config
[2.016s] -- Symlinking: /home/lsh/robot_ws2/install/indy7_moveit2_config/share/indy7_moveit2_config/cmake/indy7_moveit2_configConfig.cmake
[2.028s] -- Symlinking: /home/lsh/robot_ws2/install/indy7_moveit2_config/share/indy7_moveit2_config/cmake/indy7_moveit2_configConfig-version.cmake
[2.043s] -- Symlinking: /home/lsh/robot_ws2/install/indy7_moveit2_config/share/indy7_moveit2_config/package.xml
[2.058s] Invoked command in '/home/lsh/robot_ws2/build/indy7_moveit2_config' returned '0': CMAKE_PREFIX_PATH=${CMAKE_PREFIX_PATH}:/home/lsh/robot_ws/install/topic_service_action_rclpy_example:/home/lsh/robot_ws/install/time_rclpy_example:/home/lsh/robot_ws/install/tf2_rclpy_example:/home/lsh/robot_ws/install/ros2env:/home/lsh/robot_ws/install/my_first_ros_rclpy_pkg:/home/lsh/robot_ws/install/logging_rclpy_example:/opt/ros/foxy /usr/bin/cmake --install /home/lsh/robot_ws2/build/indy7_moveit2_config
