[0.029s] Invoking command in '/home/lsh/robot_ws2/build/indy7_moveit2_config': CMAKE_PREFIX_PATH=${CMAKE_PREFIX_PATH}:/home/lsh/robot_ws/install/topic_service_action_rclpy_example:/home/lsh/robot_ws/install/time_rclpy_example:/home/lsh/robot_ws/install/tf2_rclpy_example:/home/lsh/robot_ws/install/ros2env:/home/lsh/robot_ws/install/my_first_ros_rclpy_pkg:/home/lsh/robot_ws/install/logging_rclpy_example:/opt/ros/foxy /usr/bin/cmake /home/lsh/robot_ws2/src/indy7_moveit2_config-main -DAMENT_CMAKE_SYMLINK_INSTALL=1 -DCMAKE_INSTALL_PREFIX=/home/lsh/robot_ws2/install/indy7_moveit2_config
[0.150s] -- The C compiler identification is GNU 9.3.0
[0.247s] -- The CXX compiler identification is GNU 9.3.0
[0.253s] -- Check for working C compiler: /usr/bin/cc
[0.336s] -- Check for working C compiler: /usr/bin/cc -- works
[0.337s] -- Detecting C compiler ABI info
[0.412s] -- Detecting C compiler ABI info - done
[0.431s] -- Detecting C compile features
[0.431s] -- Detecting C compile features - done
[0.434s] -- Check for working CXX compiler: /usr/bin/c++
[0.571s] -- Check for working CXX compiler: /usr/bin/c++ -- works
[0.573s] -- Detecting CXX compiler ABI info
[0.705s] -- Detecting CXX compiler ABI info - done
[0.725s] -- Detecting CXX compile features
[0.726s] -- Detecting CXX compile features - done
[0.742s] -- Found ament_cmake: 0.9.9 (/opt/ros/foxy/share/ament_cmake/cmake)
[0.827s] -- Found PythonInterp: /usr/bin/python3 (found suitable version "3.8.10", minimum required is "3") 
[0.828s] -- Using PYTHON_EXECUTABLE: /usr/bin/python3
[1.193s] -- Override CMake install command with custom implementation using symlinks instead of copying resources
[1.353s] -- Configuring done
[1.356s] -- Generating done
[1.357s] -- Build files have been written to: /home/lsh/robot_ws2/build/indy7_moveit2_config
[1.366s] Invoked command in '/home/lsh/robot_ws2/build/indy7_moveit2_config' returned '0': CMAKE_PREFIX_PATH=${CMAKE_PREFIX_PATH}:/home/lsh/robot_ws/install/topic_service_action_rclpy_example:/home/lsh/robot_ws/install/time_rclpy_example:/home/lsh/robot_ws/install/tf2_rclpy_example:/home/lsh/robot_ws/install/ros2env:/home/lsh/robot_ws/install/my_first_ros_rclpy_pkg:/home/lsh/robot_ws/install/logging_rclpy_example:/opt/ros/foxy /usr/bin/cmake /home/lsh/robot_ws2/src/indy7_moveit2_config-main -DAMENT_CMAKE_SYMLINK_INSTALL=1 -DCMAKE_INSTALL_PREFIX=/home/lsh/robot_ws2/install/indy7_moveit2_config
[1.367s] Invoking command in '/home/lsh/robot_ws2/build/indy7_moveit2_config': CMAKE_PREFIX_PATH=${CMAKE_PREFIX_PATH}:/home/lsh/robot_ws/install/topic_service_action_rclpy_example:/home/lsh/robot_ws/install/time_rclpy_example:/home/lsh/robot_ws/install/tf2_rclpy_example:/home/lsh/robot_ws/install/ros2env:/home/lsh/robot_ws/install/my_first_ros_rclpy_pkg:/home/lsh/robot_ws/install/logging_rclpy_example:/opt/ros/foxy /usr/bin/cmake --build /home/lsh/robot_ws2/build/indy7_moveit2_config -- -j4 -l4
[1.437s] Invoked command in '/home/lsh/robot_ws2/build/indy7_moveit2_config' returned '0': CMAKE_PREFIX_PATH=${CMAKE_PREFIX_PATH}:/home/lsh/robot_ws/install/topic_service_action_rclpy_example:/home/lsh/robot_ws/install/time_rclpy_example:/home/lsh/robot_ws/install/tf2_rclpy_example:/home/lsh/robot_ws/install/ros2env:/home/lsh/robot_ws/install/my_first_ros_rclpy_pkg:/home/lsh/robot_ws/install/logging_rclpy_example:/opt/ros/foxy /usr/bin/cmake --build /home/lsh/robot_ws2/build/indy7_moveit2_config -- -j4 -l4
[1.511s] Invoking command in '/home/lsh/robot_ws2/build/indy7_moveit2_config': CMAKE_PREFIX_PATH=${CMAKE_PREFIX_PATH}:/home/lsh/robot_ws/install/topic_service_action_rclpy_example:/home/lsh/robot_ws/install/time_rclpy_example:/home/lsh/robot_ws/install/tf2_rclpy_example:/home/lsh/robot_ws/install/ros2env:/home/lsh/robot_ws/install/my_first_ros_rclpy_pkg:/home/lsh/robot_ws/install/logging_rclpy_example:/opt/ros/foxy /usr/bin/cmake --install /home/lsh/robot_ws2/build/indy7_moveit2_config
[1.524s] -- Install configuration: ""
[1.525s] -- Execute custom install script
[1.526s] -- Symlinking: /home/lsh/robot_ws2/install/indy7_moveit2_config/share/indy7_moveit2_config/config/fake_control/controllers.yaml
[1.541s] -- Symlinking: /home/lsh/robot_ws2/install/indy7_moveit2_config/share/indy7_moveit2_config/config/fake_control/indy7_arm_controller.yaml
[1.552s] -- Symlinking: /home/lsh/robot_ws2/install/indy7_moveit2_config/share/indy7_moveit2_config/config/fake_control/start_position.yaml
[1.564s] -- Symlinking: /home/lsh/robot_ws2/install/indy7_moveit2_config/share/indy7_moveit2_config/config/joint_limits.yaml
[1.576s] -- Symlinking: /home/lsh/robot_ws2/install/indy7_moveit2_config/share/indy7_moveit2_config/config/kinematics.yaml
[1.587s] -- Symlinking: /home/lsh/robot_ws2/install/indy7_moveit2_config/share/indy7_moveit2_config/config/ompl_planning.yaml
[1.600s] -- Symlinking: /home/lsh/robot_ws2/install/indy7_moveit2_config/share/indy7_moveit2_config/srdf/indy7.srdf
[1.612s] -- Symlinking: /home/lsh/robot_ws2/install/indy7_moveit2_config/share/indy7_moveit2_config/srdf/indy7_arm.srdf.xacro
[1.625s] -- Symlinking: /home/lsh/robot_ws2/install/indy7_moveit2_config/share/indy7_moveit2_config/srdf/indy7_arm.xacro
[1.637s] -- Symlinking: /home/lsh/robot_ws2/install/indy7_moveit2_config/share/indy7_moveit2_config/srdf2/hand.xacro
[1.653s] -- Symlinking: /home/lsh/robot_ws2/install/indy7_moveit2_config/share/indy7_moveit2_config/srdf2/indy7.srdf
[1.669s] -- Symlinking: /home/lsh/robot_ws2/install/indy7_moveit2_config/share/indy7_moveit2_config/srdf2/indy7_arm.srdf.xacro
[1.691s] -- Symlinking: /home/lsh/robot_ws2/install/indy7_moveit2_config/share/indy7_moveit2_config/srdf2/indy7_arm.xacro
[1.713s] -- Symlinking: /home/lsh/robot_ws2/install/indy7_moveit2_config/share/indy7_moveit2_config/srdf2/indy7whand.srdf
[1.714s] -- Symlinking: /home/lsh/robot_ws2/install/indy7_moveit2_config/share/indy7_moveit2_config/launch/move_group_action_server.launch.py
[1.730s] -- Symlinking: /home/lsh/robot_ws2/install/indy7_moveit2_config/share/indy7_moveit2_config/launch/move_group_fake_control.launch.py
[1.753s] -- Symlinking: /home/lsh/robot_ws2/install/indy7_moveit2_config/share/indy7_moveit2_config/launch/rviz.rviz
[1.766s] -- Symlinking: /home/lsh/robot_ws2/install/indy7_moveit2_config/share/indy7_moveit2_config/launch/rviz_interactive.rviz
[1.783s] -- Symlinking: /home/lsh/robot_ws2/install/indy7_moveit2_config/share/ament_index/resource_index/package_run_dependencies/indy7_moveit2_config
[1.798s] -- Symlinking: /home/lsh/robot_ws2/install/indy7_moveit2_config/share/ament_index/resource_index/parent_prefix_path/indy7_moveit2_config
[1.811s] -- Symlinking: /home/lsh/robot_ws2/install/indy7_moveit2_config/share/indy7_moveit2_config/environment/ament_prefix_path.sh
[1.837s] -- Symlinking: /home/lsh/robot_ws2/install/indy7_moveit2_config/share/indy7_moveit2_config/environment/ament_prefix_path.dsv
[1.849s] -- Symlinking: /home/lsh/robot_ws2/install/indy7_moveit2_config/share/indy7_moveit2_config/environment/path.sh
[1.862s] -- Symlinking: /home/lsh/robot_ws2/install/indy7_moveit2_config/share/indy7_moveit2_config/environment/path.dsv
[1.896s] -- Symlinking: /home/lsh/robot_ws2/install/indy7_moveit2_config/share/indy7_moveit2_config/local_setup.bash
[1.913s] -- Symlinking: /home/lsh/robot_ws2/install/indy7_moveit2_config/share/indy7_moveit2_config/local_setup.sh
[1.930s] -- Symlinking: /home/lsh/robot_ws2/install/indy7_moveit2_config/share/indy7_moveit2_config/local_setup.zsh
[1.953s] -- Symlinking: /home/lsh/robot_ws2/install/indy7_moveit2_config/share/indy7_moveit2_config/local_setup.dsv
[1.972s] -- Symlinking: /home/lsh/robot_ws2/install/indy7_moveit2_config/share/indy7_moveit2_config/package.dsv
[1.984s] -- Symlinking: /home/lsh/robot_ws2/install/indy7_moveit2_config/share/ament_index/resource_index/packages/indy7_moveit2_config
[1.996s] -- Symlinking: /home/lsh/robot_ws2/install/indy7_moveit2_config/share/indy7_moveit2_config/cmake/indy7_moveit2_configConfig.cmake
[2.008s] -- Symlinking: /home/lsh/robot_ws2/install/indy7_moveit2_config/share/indy7_moveit2_config/cmake/indy7_moveit2_configConfig-version.cmake
[2.026s] -- Symlinking: /home/lsh/robot_ws2/install/indy7_moveit2_config/share/indy7_moveit2_config/package.xml
[2.046s] Invoked command in '/home/lsh/robot_ws2/build/indy7_moveit2_config' returned '0': CMAKE_PREFIX_PATH=${CMAKE_PREFIX_PATH}:/home/lsh/robot_ws/install/topic_service_action_rclpy_example:/home/lsh/robot_ws/install/time_rclpy_example:/home/lsh/robot_ws/install/tf2_rclpy_example:/home/lsh/robot_ws/install/ros2env:/home/lsh/robot_ws/install/my_first_ros_rclpy_pkg:/home/lsh/robot_ws/install/logging_rclpy_example:/opt/ros/foxy /usr/bin/cmake --install /home/lsh/robot_ws2/build/indy7_moveit2_config
