[0.033s] Invoking command in '/home/lsh/robot_ws2/build/indy7_ign': CMAKE_PREFIX_PATH=${CMAKE_PREFIX_PATH}:/home/lsh/robot_ws/install/topic_service_action_rclpy_example:/home/lsh/robot_ws/install/time_rclpy_example:/home/lsh/robot_ws/install/tf2_rclpy_example:/home/lsh/robot_ws/install/ros2env:/home/lsh/robot_ws/install/my_first_ros_rclpy_pkg:/home/lsh/robot_ws/install/logging_rclpy_example:/opt/ros/foxy /usr/bin/cmake /home/lsh/robot_ws2/src/indy7_ign-main -DAMENT_CMAKE_SYMLINK_INSTALL=1 -DCMAKE_INSTALL_PREFIX=/home/lsh/robot_ws2/install/indy7_ign
[0.168s] -- The C compiler identification is GNU 9.3.0
[0.280s] -- The CXX compiler identification is GNU 9.3.0
[0.286s] -- Check for working C compiler: /usr/bin/cc
[0.366s] -- Check for working C compiler: /usr/bin/cc -- works
[0.367s] -- Detecting C compiler ABI info
[0.447s] -- Detecting C compiler ABI info - done
[0.463s] -- Detecting C compile features
[0.464s] -- Detecting C compile features - done
[0.467s] -- Check for working CXX compiler: /usr/bin/c++
[0.582s] -- Check for working CXX compiler: /usr/bin/c++ -- works
[0.587s] -- Detecting CXX compiler ABI info
[0.733s] -- Detecting CXX compiler ABI info - done
[0.754s] -- Detecting CXX compile features
[0.756s] -- Detecting CXX compile features - done
[0.764s] -- Found ament_cmake: 0.9.9 (/opt/ros/foxy/share/ament_cmake/cmake)
[0.823s] -- Found PythonInterp: /usr/bin/python3 (found suitable version "3.8.10", minimum required is "3") 
[0.823s] -- Using PYTHON_EXECUTABLE: /usr/bin/python3
[1.115s] -- Override CMake install command with custom implementation using symlinks instead of copying resources
[1.318s] -- Configuring done
[1.324s] -- Generating done
[1.329s] -- Build files have been written to: /home/lsh/robot_ws2/build/indy7_ign
[1.347s] Invoked command in '/home/lsh/robot_ws2/build/indy7_ign' returned '0': CMAKE_PREFIX_PATH=${CMAKE_PREFIX_PATH}:/home/lsh/robot_ws/install/topic_service_action_rclpy_example:/home/lsh/robot_ws/install/time_rclpy_example:/home/lsh/robot_ws/install/tf2_rclpy_example:/home/lsh/robot_ws/install/ros2env:/home/lsh/robot_ws/install/my_first_ros_rclpy_pkg:/home/lsh/robot_ws/install/logging_rclpy_example:/opt/ros/foxy /usr/bin/cmake /home/lsh/robot_ws2/src/indy7_ign-main -DAMENT_CMAKE_SYMLINK_INSTALL=1 -DCMAKE_INSTALL_PREFIX=/home/lsh/robot_ws2/install/indy7_ign
[1.348s] Invoking command in '/home/lsh/robot_ws2/build/indy7_ign': CMAKE_PREFIX_PATH=${CMAKE_PREFIX_PATH}:/home/lsh/robot_ws/install/topic_service_action_rclpy_example:/home/lsh/robot_ws/install/time_rclpy_example:/home/lsh/robot_ws/install/tf2_rclpy_example:/home/lsh/robot_ws/install/ros2env:/home/lsh/robot_ws/install/my_first_ros_rclpy_pkg:/home/lsh/robot_ws/install/logging_rclpy_example:/opt/ros/foxy /usr/bin/cmake --build /home/lsh/robot_ws2/build/indy7_ign -- -j4 -l4
[1.431s] Invoked command in '/home/lsh/robot_ws2/build/indy7_ign' returned '0': CMAKE_PREFIX_PATH=${CMAKE_PREFIX_PATH}:/home/lsh/robot_ws/install/topic_service_action_rclpy_example:/home/lsh/robot_ws/install/time_rclpy_example:/home/lsh/robot_ws/install/tf2_rclpy_example:/home/lsh/robot_ws/install/ros2env:/home/lsh/robot_ws/install/my_first_ros_rclpy_pkg:/home/lsh/robot_ws/install/logging_rclpy_example:/opt/ros/foxy /usr/bin/cmake --build /home/lsh/robot_ws2/build/indy7_ign -- -j4 -l4
[1.537s] Invoking command in '/home/lsh/robot_ws2/build/indy7_ign': CMAKE_PREFIX_PATH=${CMAKE_PREFIX_PATH}:/home/lsh/robot_ws/install/topic_service_action_rclpy_example:/home/lsh/robot_ws/install/time_rclpy_example:/home/lsh/robot_ws/install/tf2_rclpy_example:/home/lsh/robot_ws/install/ros2env:/home/lsh/robot_ws/install/my_first_ros_rclpy_pkg:/home/lsh/robot_ws/install/logging_rclpy_example:/opt/ros/foxy /usr/bin/cmake --install /home/lsh/robot_ws2/build/indy7_ign
[1.548s] -- Install configuration: ""
[1.548s] -- Execute custom install script
[1.549s] -- Symlinking: /home/lsh/robot_ws2/install/indy7_ign/share/indy7_ign/urdf/.vscode/c_cpp_properties.json
[1.566s] -- Symlinking: /home/lsh/robot_ws2/install/indy7_ign/share/indy7_ign/urdf/.vscode/settings.json
[1.577s] -- Symlinking: /home/lsh/robot_ws2/install/indy7_ign/share/indy7_ign/urdf/indy7.urdf
[1.590s] -- Symlinking: /home/lsh/robot_ws2/install/indy7_ign/share/indy7_ign/meshes/collision/finger.stl
[1.602s] -- Symlinking: /home/lsh/robot_ws2/install/indy7_ign/share/indy7_ign/meshes/collision/hand.stl
[1.616s] -- Symlinking: /home/lsh/robot_ws2/install/indy7_ign/share/indy7_ign/meshes/collision/link0.stl
[1.628s] -- Symlinking: /home/lsh/robot_ws2/install/indy7_ign/share/indy7_ign/meshes/collision/link1.stl
[1.641s] -- Symlinking: /home/lsh/robot_ws2/install/indy7_ign/share/indy7_ign/meshes/collision/link2.stl
[1.656s] -- Symlinking: /home/lsh/robot_ws2/install/indy7_ign/share/indy7_ign/meshes/collision/link3.stl
[1.676s] -- Symlinking: /home/lsh/robot_ws2/install/indy7_ign/share/indy7_ign/meshes/collision/link4.stl
[1.688s] -- Symlinking: /home/lsh/robot_ws2/install/indy7_ign/share/indy7_ign/meshes/collision/link5.stl
[1.702s] -- Symlinking: /home/lsh/robot_ws2/install/indy7_ign/share/indy7_ign/meshes/collision/link6.stl
[1.733s] -- Symlinking: /home/lsh/robot_ws2/install/indy7_ign/share/indy7_ign/meshes/collision/link7.stl
[1.748s] -- Symlinking: /home/lsh/robot_ws2/install/indy7_ign/share/indy7_ign/meshes/visual/finger.dae
[1.761s] -- Symlinking: /home/lsh/robot_ws2/install/indy7_ign/share/indy7_ign/meshes/visual/hand.dae
[1.773s] -- Symlinking: /home/lsh/robot_ws2/install/indy7_ign/share/indy7_ign/meshes/visual/link0.stl
[1.784s] -- Symlinking: /home/lsh/robot_ws2/install/indy7_ign/share/indy7_ign/meshes/visual/link1.stl
[1.796s] -- Symlinking: /home/lsh/robot_ws2/install/indy7_ign/share/indy7_ign/meshes/visual/link2.stl
[1.819s] -- Symlinking: /home/lsh/robot_ws2/install/indy7_ign/share/indy7_ign/meshes/visual/link3.stl
[1.830s] -- Symlinking: /home/lsh/robot_ws2/install/indy7_ign/share/indy7_ign/meshes/visual/link4.stl
[1.841s] -- Symlinking: /home/lsh/robot_ws2/install/indy7_ign/share/indy7_ign/meshes/visual/link5.stl
[1.852s] -- Symlinking: /home/lsh/robot_ws2/install/indy7_ign/share/indy7_ign/meshes/visual/link6.stl
[1.879s] -- Symlinking: /home/lsh/robot_ws2/install/indy7_ign/share/indy7_ign/meshes/visual/link7.dae
[1.893s] -- Symlinking: /home/lsh/robot_ws2/install/indy7_ign/share/ament_index/resource_index/package_run_dependencies/indy7_ign
[1.905s] -- Symlinking: /home/lsh/robot_ws2/install/indy7_ign/share/ament_index/resource_index/parent_prefix_path/indy7_ign
[1.918s] -- Symlinking: /home/lsh/robot_ws2/install/indy7_ign/share/indy7_ign/environment/ament_prefix_path.sh
[1.933s] -- Symlinking: /home/lsh/robot_ws2/install/indy7_ign/share/indy7_ign/environment/ament_prefix_path.dsv
[1.955s] -- Symlinking: /home/lsh/robot_ws2/install/indy7_ign/share/indy7_ign/environment/path.sh
[1.967s] -- Symlinking: /home/lsh/robot_ws2/install/indy7_ign/share/indy7_ign/environment/path.dsv
[1.987s] -- Symlinking: /home/lsh/robot_ws2/install/indy7_ign/share/indy7_ign/local_setup.bash
[1.999s] -- Symlinking: /home/lsh/robot_ws2/install/indy7_ign/share/indy7_ign/local_setup.sh
[2.012s] -- Symlinking: /home/lsh/robot_ws2/install/indy7_ign/share/indy7_ign/local_setup.zsh
[2.024s] -- Symlinking: /home/lsh/robot_ws2/install/indy7_ign/share/indy7_ign/local_setup.dsv
[2.036s] -- Symlinking: /home/lsh/robot_ws2/install/indy7_ign/share/indy7_ign/package.dsv
[2.054s] -- Symlinking: /home/lsh/robot_ws2/install/indy7_ign/share/ament_index/resource_index/packages/indy7_ign
[2.073s] -- Symlinking: /home/lsh/robot_ws2/install/indy7_ign/share/indy7_ign/cmake/indy7_ignConfig.cmake
[2.085s] -- Symlinking: /home/lsh/robot_ws2/install/indy7_ign/share/indy7_ign/cmake/indy7_ignConfig-version.cmake
[2.102s] -- Symlinking: /home/lsh/robot_ws2/install/indy7_ign/share/indy7_ign/package.xml
[2.119s] Invoked command in '/home/lsh/robot_ws2/build/indy7_ign' returned '0': CMAKE_PREFIX_PATH=${CMAKE_PREFIX_PATH}:/home/lsh/robot_ws/install/topic_service_action_rclpy_example:/home/lsh/robot_ws/install/time_rclpy_example:/home/lsh/robot_ws/install/tf2_rclpy_example:/home/lsh/robot_ws/install/ros2env:/home/lsh/robot_ws/install/my_first_ros_rclpy_pkg:/home/lsh/robot_ws/install/logging_rclpy_example:/opt/ros/foxy /usr/bin/cmake --install /home/lsh/robot_ws2/build/indy7_ign
