[0.025s] Invoking command in '/home/lsh/robot_ws2/build/indy7_moveit2_config': CMAKE_PREFIX_PATH=${CMAKE_PREFIX_PATH}:/home/lsh/robot_ws/install/topic_service_action_rclpy_example:/home/lsh/robot_ws/install/time_rclpy_example:/home/lsh/robot_ws/install/tf2_rclpy_example:/home/lsh/robot_ws/install/ros2env:/home/lsh/robot_ws/install/my_first_ros_rclpy_pkg:/home/lsh/robot_ws/install/logging_rclpy_example:/opt/ros/foxy /usr/bin/cmake /home/lsh/robot_ws2/src/indy7_moveit2_config-main -DAMENT_CMAKE_SYMLINK_INSTALL=1 -DCMAKE_INSTALL_PREFIX=/home/lsh/robot_ws2/install/indy7_moveit2_config
[0.106s] -- The C compiler identification is GNU 9.3.0
[0.154s] -- The CXX compiler identification is GNU 9.3.0
[0.157s] -- Check for working C compiler: /usr/bin/cc
[0.226s] -- Check for working C compiler: /usr/bin/cc -- works
[0.227s] -- Detecting C compiler ABI info
[0.320s] -- Detecting C compiler ABI info - done
[0.339s] -- Detecting C compile features
[0.340s] -- Detecting C compile features - done
[0.347s] -- Check for working CXX compiler: /usr/bin/c++
[0.457s] -- Check for working CXX compiler: /usr/bin/c++ -- works
[0.458s] -- Detecting CXX compiler ABI info
[0.583s] -- Detecting CXX compiler ABI info - done
[0.600s] -- Detecting CXX compile features
[0.601s] -- Detecting CXX compile features - done
[0.606s] -- Found ament_cmake: 0.9.9 (/opt/ros/foxy/share/ament_cmake/cmake)
[0.674s] -- Found PythonInterp: /usr/bin/python3 (found suitable version "3.8.10", minimum required is "3") 
[0.675s] -- Using PYTHON_EXECUTABLE: /usr/bin/python3
[1.010s] -- Override CMake install command with custom implementation using symlinks instead of copying resources
[1.171s] -- Configuring done
[1.178s] -- Generating done
[1.181s] -- Build files have been written to: /home/lsh/robot_ws2/build/indy7_moveit2_config
[1.195s] Invoked command in '/home/lsh/robot_ws2/build/indy7_moveit2_config' returned '0': CMAKE_PREFIX_PATH=${CMAKE_PREFIX_PATH}:/home/lsh/robot_ws/install/topic_service_action_rclpy_example:/home/lsh/robot_ws/install/time_rclpy_example:/home/lsh/robot_ws/install/tf2_rclpy_example:/home/lsh/robot_ws/install/ros2env:/home/lsh/robot_ws/install/my_first_ros_rclpy_pkg:/home/lsh/robot_ws/install/logging_rclpy_example:/opt/ros/foxy /usr/bin/cmake /home/lsh/robot_ws2/src/indy7_moveit2_config-main -DAMENT_CMAKE_SYMLINK_INSTALL=1 -DCMAKE_INSTALL_PREFIX=/home/lsh/robot_ws2/install/indy7_moveit2_config
[1.196s] Invoking command in '/home/lsh/robot_ws2/build/indy7_moveit2_config': CMAKE_PREFIX_PATH=${CMAKE_PREFIX_PATH}:/home/lsh/robot_ws/install/topic_service_action_rclpy_example:/home/lsh/robot_ws/install/time_rclpy_example:/home/lsh/robot_ws/install/tf2_rclpy_example:/home/lsh/robot_ws/install/ros2env:/home/lsh/robot_ws/install/my_first_ros_rclpy_pkg:/home/lsh/robot_ws/install/logging_rclpy_example:/opt/ros/foxy /usr/bin/cmake --build /home/lsh/robot_ws2/build/indy7_moveit2_config -- -j4 -l4
[1.262s] Invoked command in '/home/lsh/robot_ws2/build/indy7_moveit2_config' returned '0': CMAKE_PREFIX_PATH=${CMAKE_PREFIX_PATH}:/home/lsh/robot_ws/install/topic_service_action_rclpy_example:/home/lsh/robot_ws/install/time_rclpy_example:/home/lsh/robot_ws/install/tf2_rclpy_example:/home/lsh/robot_ws/install/ros2env:/home/lsh/robot_ws/install/my_first_ros_rclpy_pkg:/home/lsh/robot_ws/install/logging_rclpy_example:/opt/ros/foxy /usr/bin/cmake --build /home/lsh/robot_ws2/build/indy7_moveit2_config -- -j4 -l4
[1.356s] Invoking command in '/home/lsh/robot_ws2/build/indy7_moveit2_config': CMAKE_PREFIX_PATH=${CMAKE_PREFIX_PATH}:/home/lsh/robot_ws/install/topic_service_action_rclpy_example:/home/lsh/robot_ws/install/time_rclpy_example:/home/lsh/robot_ws/install/tf2_rclpy_example:/home/lsh/robot_ws/install/ros2env:/home/lsh/robot_ws/install/my_first_ros_rclpy_pkg:/home/lsh/robot_ws/install/logging_rclpy_example:/opt/ros/foxy /usr/bin/cmake --install /home/lsh/robot_ws2/build/indy7_moveit2_config
[1.376s] -- Install configuration: ""
[1.376s] -- Execute custom install script
[1.377s] -- Symlinking: /home/lsh/robot_ws2/install/indy7_moveit2_config/share/indy7_moveit2_config/config/fake_control/controllers.yaml
[1.405s] -- Symlinking: /home/lsh/robot_ws2/install/indy7_moveit2_config/share/indy7_moveit2_config/config/fake_control/indy7_arm_controller.yaml
[1.434s] -- Symlinking: /home/lsh/robot_ws2/install/indy7_moveit2_config/share/indy7_moveit2_config/config/fake_control/start_position.yaml
[1.449s] -- Symlinking: /home/lsh/robot_ws2/install/indy7_moveit2_config/share/indy7_moveit2_config/config/joint_limits.yaml
[1.472s] -- Symlinking: /home/lsh/robot_ws2/install/indy7_moveit2_config/share/indy7_moveit2_config/config/kinematics.yaml
[1.484s] -- Symlinking: /home/lsh/robot_ws2/install/indy7_moveit2_config/share/indy7_moveit2_config/config/ompl_planning.yaml
[1.498s] -- Symlinking: /home/lsh/robot_ws2/install/indy7_moveit2_config/share/indy7_moveit2_config/srdf/indy7.srdf
[1.522s] -- Symlinking: /home/lsh/robot_ws2/install/indy7_moveit2_config/share/indy7_moveit2_config/srdf/indy7_arm.srdf.xacro
[1.533s] -- Symlinking: /home/lsh/robot_ws2/install/indy7_moveit2_config/share/indy7_moveit2_config/srdf/indy7_arm.xacro
[1.543s] -- Symlinking: /home/lsh/robot_ws2/install/indy7_moveit2_config/share/indy7_moveit2_config/srdf2/hand.xacro
[1.555s] -- Symlinking: /home/lsh/robot_ws2/install/indy7_moveit2_config/share/indy7_moveit2_config/srdf2/indy7.srdf
[1.565s] -- Symlinking: /home/lsh/robot_ws2/install/indy7_moveit2_config/share/indy7_moveit2_config/srdf2/indy7_arm.srdf.xacro
[1.576s] -- Symlinking: /home/lsh/robot_ws2/install/indy7_moveit2_config/share/indy7_moveit2_config/srdf2/indy7_arm.xacro
[1.591s] -- Symlinking: /home/lsh/robot_ws2/install/indy7_moveit2_config/share/indy7_moveit2_config/srdf2/indy7whand.srdf
[1.599s] -- Symlinking: /home/lsh/robot_ws2/install/indy7_moveit2_config/share/indy7_moveit2_config/launch/move_group_action_server.launch.py
[1.622s] -- Symlinking: /home/lsh/robot_ws2/install/indy7_moveit2_config/share/indy7_moveit2_config/launch/move_group_fake_control.launch.py
[1.650s] -- Symlinking: /home/lsh/robot_ws2/install/indy7_moveit2_config/share/indy7_moveit2_config/launch/rviz.rviz
[1.650s] -- Symlinking: /home/lsh/robot_ws2/install/indy7_moveit2_config/share/indy7_moveit2_config/launch/rviz_interactive.rviz
[1.657s] -- Symlinking: /home/lsh/robot_ws2/install/indy7_moveit2_config/share/ament_index/resource_index/package_run_dependencies/indy7_moveit2_config
[1.671s] -- Symlinking: /home/lsh/robot_ws2/install/indy7_moveit2_config/share/ament_index/resource_index/parent_prefix_path/indy7_moveit2_config
[1.682s] -- Symlinking: /home/lsh/robot_ws2/install/indy7_moveit2_config/share/indy7_moveit2_config/environment/ament_prefix_path.sh
[1.693s] -- Symlinking: /home/lsh/robot_ws2/install/indy7_moveit2_config/share/indy7_moveit2_config/environment/ament_prefix_path.dsv
[1.705s] -- Symlinking: /home/lsh/robot_ws2/install/indy7_moveit2_config/share/indy7_moveit2_config/environment/path.sh
[1.717s] -- Symlinking: /home/lsh/robot_ws2/install/indy7_moveit2_config/share/indy7_moveit2_config/environment/path.dsv
[1.728s] -- Symlinking: /home/lsh/robot_ws2/install/indy7_moveit2_config/share/indy7_moveit2_config/local_setup.bash
[1.739s] -- Symlinking: /home/lsh/robot_ws2/install/indy7_moveit2_config/share/indy7_moveit2_config/local_setup.sh
[1.750s] -- Symlinking: /home/lsh/robot_ws2/install/indy7_moveit2_config/share/indy7_moveit2_config/local_setup.zsh
[1.761s] -- Symlinking: /home/lsh/robot_ws2/install/indy7_moveit2_config/share/indy7_moveit2_config/local_setup.dsv
[1.773s] -- Symlinking: /home/lsh/robot_ws2/install/indy7_moveit2_config/share/indy7_moveit2_config/package.dsv
[1.784s] -- Symlinking: /home/lsh/robot_ws2/install/indy7_moveit2_config/share/ament_index/resource_index/packages/indy7_moveit2_config
[1.795s] -- Symlinking: /home/lsh/robot_ws2/install/indy7_moveit2_config/share/indy7_moveit2_config/cmake/indy7_moveit2_configConfig.cmake
[1.806s] -- Symlinking: /home/lsh/robot_ws2/install/indy7_moveit2_config/share/indy7_moveit2_config/cmake/indy7_moveit2_configConfig-version.cmake
[1.817s] -- Symlinking: /home/lsh/robot_ws2/install/indy7_moveit2_config/share/indy7_moveit2_config/package.xml
[1.837s] Invoked command in '/home/lsh/robot_ws2/build/indy7_moveit2_config' returned '0': CMAKE_PREFIX_PATH=${CMAKE_PREFIX_PATH}:/home/lsh/robot_ws/install/topic_service_action_rclpy_example:/home/lsh/robot_ws/install/time_rclpy_example:/home/lsh/robot_ws/install/tf2_rclpy_example:/home/lsh/robot_ws/install/ros2env:/home/lsh/robot_ws/install/my_first_ros_rclpy_pkg:/home/lsh/robot_ws/install/logging_rclpy_example:/opt/ros/foxy /usr/bin/cmake --install /home/lsh/robot_ws2/build/indy7_moveit2_config
