[0.284s] DEBUG:colcon:Command line arguments: ['/usr/bin/colcon', 'build', '--symlink-install']
[0.284s] DEBUG:colcon:Parsed command line arguments: Namespace(ament_cmake_args=None, base_paths=['.'], build_base='build', catkin_cmake_args=None, catkin_skip_building_tests=False, cmake_args=None, cmake_clean_cache=False, cmake_clean_first=False, cmake_force_configure=False, cmake_target=None, cmake_target_skip_unavailable=False, continue_on_error=False, event_handlers=None, executor='parallel', ignore_user_meta=False, install_base='install', log_base=None, log_level=None, main=<bound method BuildVerb.main of <colcon_core.verb.build.BuildVerb object at 0x7f9b894534f0>>, merge_install=False, metas=['./colcon.meta'], packages_above=None, packages_above_and_dependencies=None, packages_above_depth=None, packages_end=None, packages_ignore=None, packages_ignore_regex=None, packages_select=None, packages_select_build_failed=False, packages_select_by_dep=None, packages_select_regex=None, packages_select_test_failures=False, packages_skip=None, packages_skip_build_finished=False, packages_skip_by_dep=None, packages_skip_regex=None, packages_skip_test_passed=False, packages_skip_up_to=None, packages_start=None, packages_up_to=None, packages_up_to_regex=None, parallel_workers=4, paths=None, symlink_install=True, test_result_base=None, verb_extension=<colcon_core.verb.build.BuildVerb object at 0x7f9b894534f0>, verb_name='build', verb_parser=<colcon_defaults.argument_parser.defaults.DefaultArgumentsDecorator object at 0x7f9b89453a30>)
[0.288s] Level 1:colcon.colcon_core.package_discovery:discover_packages(colcon_meta) check parameters
[0.289s] Level 1:colcon.colcon_core.package_discovery:discover_packages(recursive) check parameters
[0.289s] Level 1:colcon.colcon_core.package_discovery:discover_packages(ignore) check parameters
[0.289s] Level 1:colcon.colcon_core.package_discovery:discover_packages(path) check parameters
[0.289s] Level 1:colcon.colcon_core.package_discovery:discover_packages(colcon_meta) discover
[0.289s] Level 1:colcon.colcon_core.package_discovery:discover_packages(recursive) discover
[0.289s] INFO:colcon.colcon_core.package_discovery:Crawling recursively for packages in '/home/lsh/robot_ws2'
[0.289s] Level 1:colcon.colcon_core.package_identification:_identify(.) by extensions ['ignore', 'ignore_ament_install']
[0.289s] Level 1:colcon.colcon_core.package_identification:_identify(.) by extension 'ignore'
[0.289s] Level 1:colcon.colcon_core.package_identification:_identify(.) by extension 'ignore_ament_install'
[0.289s] Level 1:colcon.colcon_core.package_identification:_identify(.) by extensions ['colcon_pkg']
[0.289s] Level 1:colcon.colcon_core.package_identification:_identify(.) by extension 'colcon_pkg'
[0.289s] Level 1:colcon.colcon_core.package_identification:_identify(.) by extensions ['colcon_meta']
[0.289s] Level 1:colcon.colcon_core.package_identification:_identify(.) by extension 'colcon_meta'
[0.289s] Level 1:colcon.colcon_core.package_identification:_identify(.) by extensions ['ros']
[0.289s] Level 1:colcon.colcon_core.package_identification:_identify(.) by extension 'ros'
[0.301s] Level 1:colcon.colcon_core.package_identification:_identify(.) by extensions ['cmake', 'python']
[0.302s] Level 1:colcon.colcon_core.package_identification:_identify(.) by extension 'cmake'
[0.302s] Level 1:colcon.colcon_core.package_identification:_identify(.) by extension 'python'
[0.302s] Level 1:colcon.colcon_core.package_identification:_identify(.) by extensions ['python_setup_py']
[0.302s] Level 1:colcon.colcon_core.package_identification:_identify(.) by extension 'python_setup_py'
[0.302s] Level 1:colcon.colcon_core.package_identification:_identify(build) by extensions ['ignore', 'ignore_ament_install']
[0.302s] Level 1:colcon.colcon_core.package_identification:_identify(build) by extension 'ignore'
[0.302s] Level 1:colcon.colcon_core.package_identification:_identify(build) ignored
[0.302s] Level 1:colcon.colcon_core.package_identification:_identify(install) by extensions ['ignore', 'ignore_ament_install']
[0.302s] Level 1:colcon.colcon_core.package_identification:_identify(install) by extension 'ignore'
[0.302s] Level 1:colcon.colcon_core.package_identification:_identify(install) ignored
[0.302s] Level 1:colcon.colcon_core.package_identification:_identify(log) by extensions ['ignore', 'ignore_ament_install']
[0.302s] Level 1:colcon.colcon_core.package_identification:_identify(log) by extension 'ignore'
[0.303s] Level 1:colcon.colcon_core.package_identification:_identify(log) ignored
[0.303s] Level 1:colcon.colcon_core.package_identification:_identify(src) by extensions ['ignore', 'ignore_ament_install']
[0.303s] Level 1:colcon.colcon_core.package_identification:_identify(src) by extension 'ignore'
[0.303s] Level 1:colcon.colcon_core.package_identification:_identify(src) by extension 'ignore_ament_install'
[0.303s] Level 1:colcon.colcon_core.package_identification:_identify(src) by extensions ['colcon_pkg']
[0.303s] Level 1:colcon.colcon_core.package_identification:_identify(src) by extension 'colcon_pkg'
[0.303s] Level 1:colcon.colcon_core.package_identification:_identify(src) by extensions ['colcon_meta']
[0.303s] Level 1:colcon.colcon_core.package_identification:_identify(src) by extension 'colcon_meta'
[0.303s] Level 1:colcon.colcon_core.package_identification:_identify(src) by extensions ['ros']
[0.303s] Level 1:colcon.colcon_core.package_identification:_identify(src) by extension 'ros'
[0.303s] Level 1:colcon.colcon_core.package_identification:_identify(src) by extensions ['cmake', 'python']
[0.303s] Level 1:colcon.colcon_core.package_identification:_identify(src) by extension 'cmake'
[0.303s] Level 1:colcon.colcon_core.package_identification:_identify(src) by extension 'python'
[0.303s] Level 1:colcon.colcon_core.package_identification:_identify(src) by extensions ['python_setup_py']
[0.303s] Level 1:colcon.colcon_core.package_identification:_identify(src) by extension 'python_setup_py'
[0.303s] Level 1:colcon.colcon_core.package_identification:_identify(src/indy7_ign-main) by extensions ['ignore', 'ignore_ament_install']
[0.304s] Level 1:colcon.colcon_core.package_identification:_identify(src/indy7_ign-main) by extension 'ignore'
[0.304s] Level 1:colcon.colcon_core.package_identification:_identify(src/indy7_ign-main) by extension 'ignore_ament_install'
[0.304s] Level 1:colcon.colcon_core.package_identification:_identify(src/indy7_ign-main) by extensions ['colcon_pkg']
[0.304s] Level 1:colcon.colcon_core.package_identification:_identify(src/indy7_ign-main) by extension 'colcon_pkg'
[0.304s] Level 1:colcon.colcon_core.package_identification:_identify(src/indy7_ign-main) by extensions ['colcon_meta']
[0.304s] Level 1:colcon.colcon_core.package_identification:_identify(src/indy7_ign-main) by extension 'colcon_meta'
[0.304s] Level 1:colcon.colcon_core.package_identification:_identify(src/indy7_ign-main) by extensions ['ros']
[0.304s] Level 1:colcon.colcon_core.package_identification:_identify(src/indy7_ign-main) by extension 'ros'
[0.306s] DEBUG:colcon.colcon_core.package_identification:Package 'src/indy7_ign-main' with type 'ros.ament_cmake' and name 'indy7_ign'
[0.306s] Level 1:colcon.colcon_core.package_identification:_identify(src/indy7_ign_moveit2-main) by extensions ['ignore', 'ignore_ament_install']
[0.306s] Level 1:colcon.colcon_core.package_identification:_identify(src/indy7_ign_moveit2-main) by extension 'ignore'
[0.306s] Level 1:colcon.colcon_core.package_identification:_identify(src/indy7_ign_moveit2-main) by extension 'ignore_ament_install'
[0.306s] Level 1:colcon.colcon_core.package_identification:_identify(src/indy7_ign_moveit2-main) by extensions ['colcon_pkg']
[0.306s] Level 1:colcon.colcon_core.package_identification:_identify(src/indy7_ign_moveit2-main) by extension 'colcon_pkg'
[0.306s] Level 1:colcon.colcon_core.package_identification:_identify(src/indy7_ign_moveit2-main) by extensions ['colcon_meta']
[0.306s] Level 1:colcon.colcon_core.package_identification:_identify(src/indy7_ign_moveit2-main) by extension 'colcon_meta'
[0.306s] Level 1:colcon.colcon_core.package_identification:_identify(src/indy7_ign_moveit2-main) by extensions ['ros']
[0.306s] Level 1:colcon.colcon_core.package_identification:_identify(src/indy7_ign_moveit2-main) by extension 'ros'
[0.307s] DEBUG:colcon.colcon_core.package_identification:Package 'src/indy7_ign_moveit2-main' with type 'ros.ament_cmake' and name 'indy7_ign_moveit2'
[0.307s] Level 1:colcon.colcon_core.package_identification:_identify(src/indy7_moveit2_config-main) by extensions ['ignore', 'ignore_ament_install']
[0.307s] Level 1:colcon.colcon_core.package_identification:_identify(src/indy7_moveit2_config-main) by extension 'ignore'
[0.307s] Level 1:colcon.colcon_core.package_identification:_identify(src/indy7_moveit2_config-main) by extension 'ignore_ament_install'
[0.307s] Level 1:colcon.colcon_core.package_identification:_identify(src/indy7_moveit2_config-main) by extensions ['colcon_pkg']
[0.307s] Level 1:colcon.colcon_core.package_identification:_identify(src/indy7_moveit2_config-main) by extension 'colcon_pkg'
[0.308s] Level 1:colcon.colcon_core.package_identification:_identify(src/indy7_moveit2_config-main) by extensions ['colcon_meta']
[0.308s] Level 1:colcon.colcon_core.package_identification:_identify(src/indy7_moveit2_config-main) by extension 'colcon_meta'
[0.308s] Level 1:colcon.colcon_core.package_identification:_identify(src/indy7_moveit2_config-main) by extensions ['ros']
[0.308s] Level 1:colcon.colcon_core.package_identification:_identify(src/indy7_moveit2_config-main) by extension 'ros'
[0.308s] DEBUG:colcon.colcon_core.package_identification:Package 'src/indy7_moveit2_config-main' with type 'ros.ament_cmake' and name 'indy7_moveit2_config'
[0.308s] Level 1:colcon.colcon_core.package_discovery:discover_packages(recursive) using defaults
[0.308s] Level 1:colcon.colcon_core.package_discovery:discover_packages(ignore) discover
[0.308s] Level 1:colcon.colcon_core.package_discovery:discover_packages(ignore) using defaults
[0.308s] Level 1:colcon.colcon_core.package_discovery:discover_packages(path) discover
[0.308s] Level 1:colcon.colcon_core.package_discovery:discover_packages(path) using defaults
[0.327s] Level 5:colcon.colcon_core.verb:set package 'indy7_ign' build argument 'cmake_args' from command line to 'None'
[0.327s] Level 5:colcon.colcon_core.verb:set package 'indy7_ign' build argument 'cmake_target' from command line to 'None'
[0.327s] Level 5:colcon.colcon_core.verb:set package 'indy7_ign' build argument 'cmake_target_skip_unavailable' from command line to 'False'
[0.327s] Level 5:colcon.colcon_core.verb:set package 'indy7_ign' build argument 'cmake_clean_cache' from command line to 'False'
[0.327s] Level 5:colcon.colcon_core.verb:set package 'indy7_ign' build argument 'cmake_clean_first' from command line to 'False'
[0.327s] Level 5:colcon.colcon_core.verb:set package 'indy7_ign' build argument 'cmake_force_configure' from command line to 'False'
[0.327s] Level 5:colcon.colcon_core.verb:set package 'indy7_ign' build argument 'ament_cmake_args' from command line to 'None'
[0.328s] Level 5:colcon.colcon_core.verb:set package 'indy7_ign' build argument 'catkin_cmake_args' from command line to 'None'
[0.328s] Level 5:colcon.colcon_core.verb:set package 'indy7_ign' build argument 'catkin_skip_building_tests' from command line to 'False'
[0.328s] DEBUG:colcon.colcon_core.verb:Building package 'indy7_ign' with the following arguments: {'ament_cmake_args': None, 'build_base': '/home/lsh/robot_ws2/build/indy7_ign', 'catkin_cmake_args': None, 'catkin_skip_building_tests': False, 'cmake_args': None, 'cmake_clean_cache': False, 'cmake_clean_first': False, 'cmake_force_configure': False, 'cmake_target': None, 'cmake_target_skip_unavailable': False, 'install_base': '/home/lsh/robot_ws2/install/indy7_ign', 'merge_install': False, 'path': '/home/lsh/robot_ws2/src/indy7_ign-main', 'symlink_install': True, 'test_result_base': None}
[0.330s] Level 5:colcon.colcon_core.verb:set package 'indy7_ign_moveit2' build argument 'cmake_args' from command line to 'None'
[0.330s] Level 5:colcon.colcon_core.verb:set package 'indy7_ign_moveit2' build argument 'cmake_target' from command line to 'None'
[0.330s] Level 5:colcon.colcon_core.verb:set package 'indy7_ign_moveit2' build argument 'cmake_target_skip_unavailable' from command line to 'False'
[0.330s] Level 5:colcon.colcon_core.verb:set package 'indy7_ign_moveit2' build argument 'cmake_clean_cache' from command line to 'False'
[0.330s] Level 5:colcon.colcon_core.verb:set package 'indy7_ign_moveit2' build argument 'cmake_clean_first' from command line to 'False'
[0.330s] Level 5:colcon.colcon_core.verb:set package 'indy7_ign_moveit2' build argument 'cmake_force_configure' from command line to 'False'
[0.330s] Level 5:colcon.colcon_core.verb:set package 'indy7_ign_moveit2' build argument 'ament_cmake_args' from command line to 'None'
[0.330s] Level 5:colcon.colcon_core.verb:set package 'indy7_ign_moveit2' build argument 'catkin_cmake_args' from command line to 'None'
[0.330s] Level 5:colcon.colcon_core.verb:set package 'indy7_ign_moveit2' build argument 'catkin_skip_building_tests' from command line to 'False'
[0.330s] DEBUG:colcon.colcon_core.verb:Building package 'indy7_ign_moveit2' with the following arguments: {'ament_cmake_args': None, 'build_base': '/home/lsh/robot_ws2/build/indy7_ign_moveit2', 'catkin_cmake_args': None, 'catkin_skip_building_tests': False, 'cmake_args': None, 'cmake_clean_cache': False, 'cmake_clean_first': False, 'cmake_force_configure': False, 'cmake_target': None, 'cmake_target_skip_unavailable': False, 'install_base': '/home/lsh/robot_ws2/install/indy7_ign_moveit2', 'merge_install': False, 'path': '/home/lsh/robot_ws2/src/indy7_ign_moveit2-main', 'symlink_install': True, 'test_result_base': None}
[0.332s] Level 5:colcon.colcon_core.verb:set package 'indy7_moveit2_config' build argument 'cmake_args' from command line to 'None'
[0.333s] Level 5:colcon.colcon_core.verb:set package 'indy7_moveit2_config' build argument 'cmake_target' from command line to 'None'
[0.333s] Level 5:colcon.colcon_core.verb:set package 'indy7_moveit2_config' build argument 'cmake_target_skip_unavailable' from command line to 'False'
[0.333s] Level 5:colcon.colcon_core.verb:set package 'indy7_moveit2_config' build argument 'cmake_clean_cache' from command line to 'False'
[0.333s] Level 5:colcon.colcon_core.verb:set package 'indy7_moveit2_config' build argument 'cmake_clean_first' from command line to 'False'
[0.333s] Level 5:colcon.colcon_core.verb:set package 'indy7_moveit2_config' build argument 'cmake_force_configure' from command line to 'False'
[0.333s] Level 5:colcon.colcon_core.verb:set package 'indy7_moveit2_config' build argument 'ament_cmake_args' from command line to 'None'
[0.333s] Level 5:colcon.colcon_core.verb:set package 'indy7_moveit2_config' build argument 'catkin_cmake_args' from command line to 'None'
[0.333s] Level 5:colcon.colcon_core.verb:set package 'indy7_moveit2_config' build argument 'catkin_skip_building_tests' from command line to 'False'
[0.333s] DEBUG:colcon.colcon_core.verb:Building package 'indy7_moveit2_config' with the following arguments: {'ament_cmake_args': None, 'build_base': '/home/lsh/robot_ws2/build/indy7_moveit2_config', 'catkin_cmake_args': None, 'catkin_skip_building_tests': False, 'cmake_args': None, 'cmake_clean_cache': False, 'cmake_clean_first': False, 'cmake_force_configure': False, 'cmake_target': None, 'cmake_target_skip_unavailable': False, 'install_base': '/home/lsh/robot_ws2/install/indy7_moveit2_config', 'merge_install': False, 'path': '/home/lsh/robot_ws2/src/indy7_moveit2_config-main', 'symlink_install': True, 'test_result_base': None}
[0.333s] INFO:colcon.colcon_core.executor:Executing jobs using 'parallel' executor
[0.335s] DEBUG:colcon.colcon_parallel_executor.executor.parallel:run_until_complete
[0.335s] INFO:colcon.colcon_ros.task.ament_cmake.build:Building ROS package in '/home/lsh/robot_ws2/src/indy7_ign-main' with build type 'ament_cmake'
[0.335s] INFO:colcon.colcon_cmake.task.cmake.build:Building CMake package in '/home/lsh/robot_ws2/src/indy7_ign-main'
[0.338s] INFO:colcon.colcon_core.plugin_system:Skipping extension 'colcon_core.shell.bat': Not used on non-Windows systems
[0.339s] INFO:colcon.colcon_core.shell:Skip shell extension 'powershell' for command environment: Not usable outside of PowerShell
[0.339s] DEBUG:colcon.colcon_core.shell:Skip shell extension 'dsv' for command environment
[0.342s] DEBUG:colcon.colcon_core.shell:Ignoring prefix path '/opt/ros/foxy'
[0.344s] INFO:colcon.colcon_ros.task.ament_cmake.build:Building ROS package in '/home/lsh/robot_ws2/src/indy7_ign_moveit2-main' with build type 'ament_cmake'
[0.345s] INFO:colcon.colcon_cmake.task.cmake.build:Building CMake package in '/home/lsh/robot_ws2/src/indy7_ign_moveit2-main'
[0.346s] INFO:colcon.colcon_core.shell:Skip shell extension 'powershell' for command environment: Not usable outside of PowerShell
[0.346s] DEBUG:colcon.colcon_core.shell:Skip shell extension 'dsv' for command environment
[0.349s] DEBUG:colcon.colcon_core.shell:Ignoring prefix path '/opt/ros/foxy'
[0.352s] INFO:colcon.colcon_ros.task.ament_cmake.build:Building ROS package in '/home/lsh/robot_ws2/src/indy7_moveit2_config-main' with build type 'ament_cmake'
[0.353s] INFO:colcon.colcon_cmake.task.cmake.build:Building CMake package in '/home/lsh/robot_ws2/src/indy7_moveit2_config-main'
[0.354s] INFO:colcon.colcon_core.shell:Skip shell extension 'powershell' for command environment: Not usable outside of PowerShell
[0.354s] DEBUG:colcon.colcon_core.shell:Skip shell extension 'dsv' for command environment
[0.357s] DEBUG:colcon.colcon_core.shell:Ignoring prefix path '/opt/ros/foxy'
[0.367s] DEBUG:colcon.colcon_core.event_handler.log_command:Invoking command in '/home/lsh/robot_ws2/build/indy7_ign': CMAKE_PREFIX_PATH=${CMAKE_PREFIX_PATH}:/home/lsh/robot_ws/install/topic_service_action_rclpy_example:/home/lsh/robot_ws/install/time_rclpy_example:/home/lsh/robot_ws/install/tf2_rclpy_example:/home/lsh/robot_ws/install/ros2env:/home/lsh/robot_ws/install/my_first_ros_rclpy_pkg:/home/lsh/robot_ws/install/logging_rclpy_example:/opt/ros/foxy /usr/bin/cmake --build /home/lsh/robot_ws2/build/indy7_ign -- -j4 -l4
[0.378s] DEBUG:colcon.colcon_core.event_handler.log_command:Invoking command in '/home/lsh/robot_ws2/build/indy7_ign_moveit2': CMAKE_PREFIX_PATH=${CMAKE_PREFIX_PATH}:/home/lsh/robot_ws/install/topic_service_action_rclpy_example:/home/lsh/robot_ws/install/time_rclpy_example:/home/lsh/robot_ws/install/tf2_rclpy_example:/home/lsh/robot_ws/install/ros2env:/home/lsh/robot_ws/install/my_first_ros_rclpy_pkg:/home/lsh/robot_ws/install/logging_rclpy_example:/opt/ros/foxy /usr/bin/cmake --build /home/lsh/robot_ws2/build/indy7_ign_moveit2 -- -j4 -l4
[0.385s] DEBUG:colcon.colcon_core.event_handler.log_command:Invoking command in '/home/lsh/robot_ws2/build/indy7_moveit2_config': CMAKE_PREFIX_PATH=${CMAKE_PREFIX_PATH}:/home/lsh/robot_ws/install/topic_service_action_rclpy_example:/home/lsh/robot_ws/install/time_rclpy_example:/home/lsh/robot_ws/install/tf2_rclpy_example:/home/lsh/robot_ws/install/ros2env:/home/lsh/robot_ws/install/my_first_ros_rclpy_pkg:/home/lsh/robot_ws/install/logging_rclpy_example:/opt/ros/foxy /usr/bin/cmake --build /home/lsh/robot_ws2/build/indy7_moveit2_config -- -j4 -l4
[0.421s] DEBUG:colcon.colcon_core.event_handler.log_command:Invoked command in '/home/lsh/robot_ws2/build/indy7_ign' returned '0': CMAKE_PREFIX_PATH=${CMAKE_PREFIX_PATH}:/home/lsh/robot_ws/install/topic_service_action_rclpy_example:/home/lsh/robot_ws/install/time_rclpy_example:/home/lsh/robot_ws/install/tf2_rclpy_example:/home/lsh/robot_ws/install/ros2env:/home/lsh/robot_ws/install/my_first_ros_rclpy_pkg:/home/lsh/robot_ws/install/logging_rclpy_example:/opt/ros/foxy /usr/bin/cmake --build /home/lsh/robot_ws2/build/indy7_ign -- -j4 -l4
[0.427s] DEBUG:colcon.colcon_core.event_handler.log_command:Invoked command in '/home/lsh/robot_ws2/build/indy7_moveit2_config' returned '0': CMAKE_PREFIX_PATH=${CMAKE_PREFIX_PATH}:/home/lsh/robot_ws/install/topic_service_action_rclpy_example:/home/lsh/robot_ws/install/time_rclpy_example:/home/lsh/robot_ws/install/tf2_rclpy_example:/home/lsh/robot_ws/install/ros2env:/home/lsh/robot_ws/install/my_first_ros_rclpy_pkg:/home/lsh/robot_ws/install/logging_rclpy_example:/opt/ros/foxy /usr/bin/cmake --build /home/lsh/robot_ws2/build/indy7_moveit2_config -- -j4 -l4
[0.456s] DEBUG:colcon.colcon_core.event_handler.log_command:Invoking command in '/home/lsh/robot_ws2/build/indy7_ign': CMAKE_PREFIX_PATH=${CMAKE_PREFIX_PATH}:/home/lsh/robot_ws/install/topic_service_action_rclpy_example:/home/lsh/robot_ws/install/time_rclpy_example:/home/lsh/robot_ws/install/tf2_rclpy_example:/home/lsh/robot_ws/install/ros2env:/home/lsh/robot_ws/install/my_first_ros_rclpy_pkg:/home/lsh/robot_ws/install/logging_rclpy_example:/opt/ros/foxy /usr/bin/cmake --install /home/lsh/robot_ws2/build/indy7_ign
[0.462s] DEBUG:colcon.colcon_core.event_handler.log_command:Invoking command in '/home/lsh/robot_ws2/build/indy7_moveit2_config': CMAKE_PREFIX_PATH=${CMAKE_PREFIX_PATH}:/home/lsh/robot_ws/install/topic_service_action_rclpy_example:/home/lsh/robot_ws/install/time_rclpy_example:/home/lsh/robot_ws/install/tf2_rclpy_example:/home/lsh/robot_ws/install/ros2env:/home/lsh/robot_ws/install/my_first_ros_rclpy_pkg:/home/lsh/robot_ws/install/logging_rclpy_example:/opt/ros/foxy /usr/bin/cmake --install /home/lsh/robot_ws2/build/indy7_moveit2_config
[0.492s] DEBUG:colcon.colcon_core.event_handler.log_command:Invoked command in '/home/lsh/robot_ws2/build/indy7_ign_moveit2' returned '0': CMAKE_PREFIX_PATH=${CMAKE_PREFIX_PATH}:/home/lsh/robot_ws/install/topic_service_action_rclpy_example:/home/lsh/robot_ws/install/time_rclpy_example:/home/lsh/robot_ws/install/tf2_rclpy_example:/home/lsh/robot_ws/install/ros2env:/home/lsh/robot_ws/install/my_first_ros_rclpy_pkg:/home/lsh/robot_ws/install/logging_rclpy_example:/opt/ros/foxy /usr/bin/cmake --build /home/lsh/robot_ws2/build/indy7_ign_moveit2 -- -j4 -l4
[0.496s] Level 1:colcon.colcon_core.environment:create_environment_scripts_only(indy7_ign)
[0.497s] DEBUG:colcon.colcon_core.event_handler.log_command:Invoked command in '/home/lsh/robot_ws2/build/indy7_ign' returned '0': CMAKE_PREFIX_PATH=${CMAKE_PREFIX_PATH}:/home/lsh/robot_ws/install/topic_service_action_rclpy_example:/home/lsh/robot_ws/install/time_rclpy_example:/home/lsh/robot_ws/install/tf2_rclpy_example:/home/lsh/robot_ws/install/ros2env:/home/lsh/robot_ws/install/my_first_ros_rclpy_pkg:/home/lsh/robot_ws/install/logging_rclpy_example:/opt/ros/foxy /usr/bin/cmake --install /home/lsh/robot_ws2/build/indy7_ign
[0.500s] Level 1:colcon.colcon_core.environment:checking '/home/lsh/robot_ws2/install/indy7_ign' for CMake module files
[0.500s] Level 1:colcon.colcon_core.environment:checking '/home/lsh/robot_ws2/install/indy7_ign' for CMake config files
[0.501s] Level 1:colcon.colcon_core.shell:create_environment_hook('indy7_ign', 'cmake_prefix_path')
[0.501s] INFO:colcon.colcon_core.shell:Creating environment hook '/home/lsh/robot_ws2/install/indy7_ign/share/indy7_ign/hook/cmake_prefix_path.ps1'
[0.502s] INFO:colcon.colcon_core.shell:Creating environment descriptor '/home/lsh/robot_ws2/install/indy7_ign/share/indy7_ign/hook/cmake_prefix_path.dsv'
[0.502s] INFO:colcon.colcon_core.shell:Creating environment hook '/home/lsh/robot_ws2/install/indy7_ign/share/indy7_ign/hook/cmake_prefix_path.sh'
[0.503s] Level 1:colcon.colcon_core.environment:checking '/home/lsh/robot_ws2/install/indy7_ign/bin'
[0.503s] Level 1:colcon.colcon_core.environment:checking '/home/lsh/robot_ws2/install/indy7_ign/lib/pkgconfig/indy7_ign.pc'
[0.503s] Level 1:colcon.colcon_core.environment:checking '/home/lsh/robot_ws2/install/indy7_ign/lib/python3.8/site-packages'
[0.504s] INFO:colcon.colcon_core.shell:Creating package script '/home/lsh/robot_ws2/install/indy7_ign/share/indy7_ign/package.ps1'
[0.504s] INFO:colcon.colcon_core.shell:Creating package descriptor '/home/lsh/robot_ws2/install/indy7_ign/share/indy7_ign/package.dsv'
[0.505s] INFO:colcon.colcon_core.shell:Creating package script '/home/lsh/robot_ws2/install/indy7_ign/share/indy7_ign/package.sh'
[0.506s] INFO:colcon.colcon_core.shell:Creating package script '/home/lsh/robot_ws2/install/indy7_ign/share/indy7_ign/package.bash'
[0.506s] INFO:colcon.colcon_core.shell:Creating package script '/home/lsh/robot_ws2/install/indy7_ign/share/indy7_ign/package.zsh'
[0.507s] Level 1:colcon.colcon_core.environment:create_file_with_runtime_dependencies(/home/lsh/robot_ws2/install/indy7_ign/share/colcon-core/packages/indy7_ign)
[0.511s] Level 1:colcon.colcon_core.environment:create_environment_scripts_only(indy7_moveit2_config)
[0.512s] Level 1:colcon.colcon_core.environment:checking '/home/lsh/robot_ws2/install/indy7_moveit2_config' for CMake module files
[0.512s] DEBUG:colcon.colcon_core.event_handler.log_command:Invoked command in '/home/lsh/robot_ws2/build/indy7_moveit2_config' returned '0': CMAKE_PREFIX_PATH=${CMAKE_PREFIX_PATH}:/home/lsh/robot_ws/install/topic_service_action_rclpy_example:/home/lsh/robot_ws/install/time_rclpy_example:/home/lsh/robot_ws/install/tf2_rclpy_example:/home/lsh/robot_ws/install/ros2env:/home/lsh/robot_ws/install/my_first_ros_rclpy_pkg:/home/lsh/robot_ws/install/logging_rclpy_example:/opt/ros/foxy /usr/bin/cmake --install /home/lsh/robot_ws2/build/indy7_moveit2_config
[0.513s] Level 1:colcon.colcon_core.environment:checking '/home/lsh/robot_ws2/install/indy7_moveit2_config' for CMake config files
[0.513s] Level 1:colcon.colcon_core.shell:create_environment_hook('indy7_moveit2_config', 'cmake_prefix_path')
[0.514s] INFO:colcon.colcon_core.shell:Creating environment hook '/home/lsh/robot_ws2/install/indy7_moveit2_config/share/indy7_moveit2_config/hook/cmake_prefix_path.ps1'
[0.514s] INFO:colcon.colcon_core.shell:Creating environment descriptor '/home/lsh/robot_ws2/install/indy7_moveit2_config/share/indy7_moveit2_config/hook/cmake_prefix_path.dsv'
[0.514s] INFO:colcon.colcon_core.shell:Creating environment hook '/home/lsh/robot_ws2/install/indy7_moveit2_config/share/indy7_moveit2_config/hook/cmake_prefix_path.sh'
[0.515s] Level 1:colcon.colcon_core.environment:checking '/home/lsh/robot_ws2/install/indy7_moveit2_config/bin'
[0.515s] Level 1:colcon.colcon_core.environment:checking '/home/lsh/robot_ws2/install/indy7_moveit2_config/lib/pkgconfig/indy7_moveit2_config.pc'
[0.515s] Level 1:colcon.colcon_core.environment:checking '/home/lsh/robot_ws2/install/indy7_moveit2_config/lib/python3.8/site-packages'
[0.515s] INFO:colcon.colcon_core.shell:Creating package script '/home/lsh/robot_ws2/install/indy7_moveit2_config/share/indy7_moveit2_config/package.ps1'
[0.516s] INFO:colcon.colcon_core.shell:Creating package descriptor '/home/lsh/robot_ws2/install/indy7_moveit2_config/share/indy7_moveit2_config/package.dsv'
[0.516s] INFO:colcon.colcon_core.shell:Creating package script '/home/lsh/robot_ws2/install/indy7_moveit2_config/share/indy7_moveit2_config/package.sh'
[0.517s] INFO:colcon.colcon_core.shell:Creating package script '/home/lsh/robot_ws2/install/indy7_moveit2_config/share/indy7_moveit2_config/package.bash'
[0.517s] INFO:colcon.colcon_core.shell:Creating package script '/home/lsh/robot_ws2/install/indy7_moveit2_config/share/indy7_moveit2_config/package.zsh'
[0.517s] Level 1:colcon.colcon_core.environment:create_file_with_runtime_dependencies(/home/lsh/robot_ws2/install/indy7_moveit2_config/share/colcon-core/packages/indy7_moveit2_config)
[0.525s] DEBUG:colcon.colcon_core.event_handler.log_command:Invoking command in '/home/lsh/robot_ws2/build/indy7_ign_moveit2': CMAKE_PREFIX_PATH=${CMAKE_PREFIX_PATH}:/home/lsh/robot_ws/install/topic_service_action_rclpy_example:/home/lsh/robot_ws/install/time_rclpy_example:/home/lsh/robot_ws/install/tf2_rclpy_example:/home/lsh/robot_ws/install/ros2env:/home/lsh/robot_ws/install/my_first_ros_rclpy_pkg:/home/lsh/robot_ws/install/logging_rclpy_example:/opt/ros/foxy /usr/bin/cmake --install /home/lsh/robot_ws2/build/indy7_ign_moveit2
[0.528s] Level 1:colcon.colcon_core.environment:create_environment_scripts_only(indy7_ign)
[0.529s] Level 1:colcon.colcon_core.environment:checking '/home/lsh/robot_ws2/install/indy7_ign' for CMake module files
[0.530s] Level 1:colcon.colcon_core.environment:checking '/home/lsh/robot_ws2/install/indy7_ign' for CMake config files
[0.530s] Level 1:colcon.colcon_core.shell:create_environment_hook('indy7_ign', 'cmake_prefix_path')
[0.531s] INFO:colcon.colcon_core.shell:Creating environment hook '/home/lsh/robot_ws2/install/indy7_ign/share/indy7_ign/hook/cmake_prefix_path.ps1'
[0.531s] INFO:colcon.colcon_core.shell:Creating environment descriptor '/home/lsh/robot_ws2/install/indy7_ign/share/indy7_ign/hook/cmake_prefix_path.dsv'
[0.532s] INFO:colcon.colcon_core.shell:Creating environment hook '/home/lsh/robot_ws2/install/indy7_ign/share/indy7_ign/hook/cmake_prefix_path.sh'
[0.532s] Level 1:colcon.colcon_core.environment:checking '/home/lsh/robot_ws2/install/indy7_ign/bin'
[0.532s] Level 1:colcon.colcon_core.environment:checking '/home/lsh/robot_ws2/install/indy7_ign/lib/pkgconfig/indy7_ign.pc'
[0.532s] Level 1:colcon.colcon_core.environment:checking '/home/lsh/robot_ws2/install/indy7_ign/lib/python3.8/site-packages'
[0.533s] INFO:colcon.colcon_core.shell:Creating package script '/home/lsh/robot_ws2/install/indy7_ign/share/indy7_ign/package.ps1'
[0.534s] INFO:colcon.colcon_core.shell:Creating package descriptor '/home/lsh/robot_ws2/install/indy7_ign/share/indy7_ign/package.dsv'
[0.534s] INFO:colcon.colcon_core.shell:Creating package script '/home/lsh/robot_ws2/install/indy7_ign/share/indy7_ign/package.sh'
[0.534s] INFO:colcon.colcon_core.shell:Creating package script '/home/lsh/robot_ws2/install/indy7_ign/share/indy7_ign/package.bash'
[0.535s] INFO:colcon.colcon_core.shell:Creating package script '/home/lsh/robot_ws2/install/indy7_ign/share/indy7_ign/package.zsh'
[0.535s] Level 1:colcon.colcon_core.environment:create_file_with_runtime_dependencies(/home/lsh/robot_ws2/install/indy7_ign/share/colcon-core/packages/indy7_ign)
[0.541s] Level 1:colcon.colcon_core.environment:create_environment_scripts_only(indy7_moveit2_config)
[0.542s] Level 1:colcon.colcon_core.environment:checking '/home/lsh/robot_ws2/install/indy7_moveit2_config' for CMake module files
[0.544s] Level 1:colcon.colcon_core.environment:checking '/home/lsh/robot_ws2/install/indy7_moveit2_config' for CMake config files
[0.545s] Level 1:colcon.colcon_core.shell:create_environment_hook('indy7_moveit2_config', 'cmake_prefix_path')
[0.546s] INFO:colcon.colcon_core.shell:Creating environment hook '/home/lsh/robot_ws2/install/indy7_moveit2_config/share/indy7_moveit2_config/hook/cmake_prefix_path.ps1'
[0.548s] INFO:colcon.colcon_core.shell:Creating environment descriptor '/home/lsh/robot_ws2/install/indy7_moveit2_config/share/indy7_moveit2_config/hook/cmake_prefix_path.dsv'
[0.549s] INFO:colcon.colcon_core.shell:Creating environment hook '/home/lsh/robot_ws2/install/indy7_moveit2_config/share/indy7_moveit2_config/hook/cmake_prefix_path.sh'
[0.550s] Level 1:colcon.colcon_core.environment:checking '/home/lsh/robot_ws2/install/indy7_moveit2_config/bin'
[0.550s] Level 1:colcon.colcon_core.environment:checking '/home/lsh/robot_ws2/install/indy7_moveit2_config/lib/pkgconfig/indy7_moveit2_config.pc'
[0.550s] Level 1:colcon.colcon_core.environment:checking '/home/lsh/robot_ws2/install/indy7_moveit2_config/lib/python3.8/site-packages'
[0.551s] INFO:colcon.colcon_core.shell:Creating package script '/home/lsh/robot_ws2/install/indy7_moveit2_config/share/indy7_moveit2_config/package.ps1'
[0.552s] INFO:colcon.colcon_core.shell:Creating package descriptor '/home/lsh/robot_ws2/install/indy7_moveit2_config/share/indy7_moveit2_config/package.dsv'
[0.552s] INFO:colcon.colcon_core.shell:Creating package script '/home/lsh/robot_ws2/install/indy7_moveit2_config/share/indy7_moveit2_config/package.sh'
[0.553s] INFO:colcon.colcon_core.shell:Creating package script '/home/lsh/robot_ws2/install/indy7_moveit2_config/share/indy7_moveit2_config/package.bash'
[0.553s] INFO:colcon.colcon_core.shell:Creating package script '/home/lsh/robot_ws2/install/indy7_moveit2_config/share/indy7_moveit2_config/package.zsh'
[0.554s] Level 1:colcon.colcon_core.environment:create_file_with_runtime_dependencies(/home/lsh/robot_ws2/install/indy7_moveit2_config/share/colcon-core/packages/indy7_moveit2_config)
[0.601s] Level 1:colcon.colcon_core.environment:create_environment_scripts_only(indy7_ign_moveit2)
[0.602s] Level 1:colcon.colcon_core.environment:checking '/home/lsh/robot_ws2/install/indy7_ign_moveit2' for CMake module files
[0.602s] DEBUG:colcon.colcon_core.event_handler.log_command:Invoked command in '/home/lsh/robot_ws2/build/indy7_ign_moveit2' returned '0': CMAKE_PREFIX_PATH=${CMAKE_PREFIX_PATH}:/home/lsh/robot_ws/install/topic_service_action_rclpy_example:/home/lsh/robot_ws/install/time_rclpy_example:/home/lsh/robot_ws/install/tf2_rclpy_example:/home/lsh/robot_ws/install/ros2env:/home/lsh/robot_ws/install/my_first_ros_rclpy_pkg:/home/lsh/robot_ws/install/logging_rclpy_example:/opt/ros/foxy /usr/bin/cmake --install /home/lsh/robot_ws2/build/indy7_ign_moveit2
[0.602s] Level 1:colcon.colcon_core.environment:checking '/home/lsh/robot_ws2/install/indy7_ign_moveit2' for CMake config files
[0.603s] Level 1:colcon.colcon_core.shell:create_environment_hook('indy7_ign_moveit2', 'cmake_prefix_path')
[0.603s] INFO:colcon.colcon_core.shell:Creating environment hook '/home/lsh/robot_ws2/install/indy7_ign_moveit2/share/indy7_ign_moveit2/hook/cmake_prefix_path.ps1'
[0.604s] INFO:colcon.colcon_core.shell:Creating environment descriptor '/home/lsh/robot_ws2/install/indy7_ign_moveit2/share/indy7_ign_moveit2/hook/cmake_prefix_path.dsv'
[0.604s] INFO:colcon.colcon_core.shell:Creating environment hook '/home/lsh/robot_ws2/install/indy7_ign_moveit2/share/indy7_ign_moveit2/hook/cmake_prefix_path.sh'
[0.604s] Level 1:colcon.colcon_core.environment:checking '/home/lsh/robot_ws2/install/indy7_ign_moveit2/lib'
[0.605s] Level 1:colcon.colcon_core.environment:checking '/home/lsh/robot_ws2/install/indy7_ign_moveit2/bin'
[0.605s] Level 1:colcon.colcon_core.environment:checking '/home/lsh/robot_ws2/install/indy7_ign_moveit2/lib/pkgconfig/indy7_ign_moveit2.pc'
[0.605s] Level 1:colcon.colcon_core.environment:checking '/home/lsh/robot_ws2/install/indy7_ign_moveit2/lib/python3.8/site-packages'
[0.605s] Level 1:colcon.colcon_core.shell:create_environment_hook('indy7_ign_moveit2', 'pythonpath')
[0.605s] INFO:colcon.colcon_core.shell:Creating environment hook '/home/lsh/robot_ws2/install/indy7_ign_moveit2/share/indy7_ign_moveit2/hook/pythonpath.ps1'
[0.606s] INFO:colcon.colcon_core.shell:Creating environment descriptor '/home/lsh/robot_ws2/install/indy7_ign_moveit2/share/indy7_ign_moveit2/hook/pythonpath.dsv'
[0.606s] INFO:colcon.colcon_core.shell:Creating environment hook '/home/lsh/robot_ws2/install/indy7_ign_moveit2/share/indy7_ign_moveit2/hook/pythonpath.sh'
[0.607s] INFO:colcon.colcon_core.shell:Creating package script '/home/lsh/robot_ws2/install/indy7_ign_moveit2/share/indy7_ign_moveit2/package.ps1'
[0.608s] INFO:colcon.colcon_core.shell:Creating package descriptor '/home/lsh/robot_ws2/install/indy7_ign_moveit2/share/indy7_ign_moveit2/package.dsv'
[0.608s] INFO:colcon.colcon_core.shell:Creating package script '/home/lsh/robot_ws2/install/indy7_ign_moveit2/share/indy7_ign_moveit2/package.sh'
[0.608s] INFO:colcon.colcon_core.shell:Creating package script '/home/lsh/robot_ws2/install/indy7_ign_moveit2/share/indy7_ign_moveit2/package.bash'
[0.609s] INFO:colcon.colcon_core.shell:Creating package script '/home/lsh/robot_ws2/install/indy7_ign_moveit2/share/indy7_ign_moveit2/package.zsh'
[0.609s] Level 1:colcon.colcon_core.environment:create_file_with_runtime_dependencies(/home/lsh/robot_ws2/install/indy7_ign_moveit2/share/colcon-core/packages/indy7_ign_moveit2)
[0.630s] Level 1:colcon.colcon_core.environment:create_environment_scripts_only(indy7_ign_moveit2)
[0.630s] Level 1:colcon.colcon_core.environment:checking '/home/lsh/robot_ws2/install/indy7_ign_moveit2' for CMake module files
[0.631s] Level 1:colcon.colcon_core.environment:checking '/home/lsh/robot_ws2/install/indy7_ign_moveit2' for CMake config files
[0.631s] Level 1:colcon.colcon_core.shell:create_environment_hook('indy7_ign_moveit2', 'cmake_prefix_path')
[0.631s] INFO:colcon.colcon_core.shell:Creating environment hook '/home/lsh/robot_ws2/install/indy7_ign_moveit2/share/indy7_ign_moveit2/hook/cmake_prefix_path.ps1'
[0.632s] INFO:colcon.colcon_core.shell:Creating environment descriptor '/home/lsh/robot_ws2/install/indy7_ign_moveit2/share/indy7_ign_moveit2/hook/cmake_prefix_path.dsv'
[0.632s] INFO:colcon.colcon_core.shell:Creating environment hook '/home/lsh/robot_ws2/install/indy7_ign_moveit2/share/indy7_ign_moveit2/hook/cmake_prefix_path.sh'
[0.633s] Level 1:colcon.colcon_core.environment:checking '/home/lsh/robot_ws2/install/indy7_ign_moveit2/lib'
[0.633s] Level 1:colcon.colcon_core.environment:checking '/home/lsh/robot_ws2/install/indy7_ign_moveit2/bin'
[0.633s] Level 1:colcon.colcon_core.environment:checking '/home/lsh/robot_ws2/install/indy7_ign_moveit2/lib/pkgconfig/indy7_ign_moveit2.pc'
[0.633s] Level 1:colcon.colcon_core.environment:checking '/home/lsh/robot_ws2/install/indy7_ign_moveit2/lib/python3.8/site-packages'
[0.633s] Level 1:colcon.colcon_core.shell:create_environment_hook('indy7_ign_moveit2', 'pythonpath')
[0.633s] INFO:colcon.colcon_core.shell:Creating environment hook '/home/lsh/robot_ws2/install/indy7_ign_moveit2/share/indy7_ign_moveit2/hook/pythonpath.ps1'
[0.634s] INFO:colcon.colcon_core.shell:Creating environment descriptor '/home/lsh/robot_ws2/install/indy7_ign_moveit2/share/indy7_ign_moveit2/hook/pythonpath.dsv'
[0.634s] INFO:colcon.colcon_core.shell:Creating environment hook '/home/lsh/robot_ws2/install/indy7_ign_moveit2/share/indy7_ign_moveit2/hook/pythonpath.sh'
[0.635s] INFO:colcon.colcon_core.shell:Creating package script '/home/lsh/robot_ws2/install/indy7_ign_moveit2/share/indy7_ign_moveit2/package.ps1'
[0.635s] INFO:colcon.colcon_core.shell:Creating package descriptor '/home/lsh/robot_ws2/install/indy7_ign_moveit2/share/indy7_ign_moveit2/package.dsv'
[0.636s] INFO:colcon.colcon_core.shell:Creating package script '/home/lsh/robot_ws2/install/indy7_ign_moveit2/share/indy7_ign_moveit2/package.sh'
[0.636s] INFO:colcon.colcon_core.shell:Creating package script '/home/lsh/robot_ws2/install/indy7_ign_moveit2/share/indy7_ign_moveit2/package.bash'
[0.637s] INFO:colcon.colcon_core.shell:Creating package script '/home/lsh/robot_ws2/install/indy7_ign_moveit2/share/indy7_ign_moveit2/package.zsh'
[0.637s] Level 1:colcon.colcon_core.environment:create_file_with_runtime_dependencies(/home/lsh/robot_ws2/install/indy7_ign_moveit2/share/colcon-core/packages/indy7_ign_moveit2)
[0.637s] DEBUG:colcon.colcon_parallel_executor.executor.parallel:closing loop
[0.638s] DEBUG:colcon.colcon_parallel_executor.executor.parallel:loop closed
[0.638s] DEBUG:colcon.colcon_parallel_executor.executor.parallel:run_until_complete finished with '0'
[0.638s] DEBUG:colcon.colcon_core.event_reactor:joining thread
[0.644s] INFO:colcon.colcon_core.plugin_system:Skipping extension 'colcon_notification.desktop_notification.terminal_notifier': Not used on non-Darwin systems
[0.644s] INFO:colcon.colcon_core.plugin_system:Skipping extension 'colcon_notification.desktop_notification.win32': Not used on non-Windows systems
[0.644s] INFO:colcon.colcon_notification.desktop_notification:Sending desktop notification using 'notify2'
[0.655s] DEBUG:colcon.colcon_core.event_reactor:joined thread
[0.656s] INFO:colcon.colcon_core.shell:Creating prefix script '/home/lsh/robot_ws2/install/local_setup.ps1'
[0.657s] INFO:colcon.colcon_core.shell:Creating prefix util module '/home/lsh/robot_ws2/install/_local_setup_util_ps1.py'
[0.658s] INFO:colcon.colcon_core.shell:Creating prefix chain script '/home/lsh/robot_ws2/install/setup.ps1'
[0.660s] INFO:colcon.colcon_core.shell:Creating prefix script '/home/lsh/robot_ws2/install/local_setup.sh'
[0.661s] INFO:colcon.colcon_core.shell:Creating prefix util module '/home/lsh/robot_ws2/install/_local_setup_util_sh.py'
[0.661s] INFO:colcon.colcon_core.shell:Creating prefix chain script '/home/lsh/robot_ws2/install/setup.sh'
[0.664s] INFO:colcon.colcon_core.shell:Creating prefix script '/home/lsh/robot_ws2/install/local_setup.bash'
[0.665s] INFO:colcon.colcon_core.shell:Creating prefix chain script '/home/lsh/robot_ws2/install/setup.bash'
[0.667s] INFO:colcon.colcon_core.shell:Creating prefix script '/home/lsh/robot_ws2/install/local_setup.zsh'
[0.667s] INFO:colcon.colcon_core.shell:Creating prefix chain script '/home/lsh/robot_ws2/install/setup.zsh'
