[0.031s] Invoking command in '/home/lsh/robot_ws2/build/indy7_ign_moveit2': CMAKE_PREFIX_PATH=${CMAKE_PREFIX_PATH}:/home/lsh/robot_ws/install/topic_service_action_rclpy_example:/home/lsh/robot_ws/install/time_rclpy_example:/home/lsh/robot_ws/install/tf2_rclpy_example:/home/lsh/robot_ws/install/ros2env:/home/lsh/robot_ws/install/my_first_ros_rclpy_pkg:/home/lsh/robot_ws/install/logging_rclpy_example:/opt/ros/foxy /usr/bin/cmake /home/lsh/robot_ws2/src/indy7_ign_moveit2-main -DAMENT_CMAKE_SYMLINK_INSTALL=1 -DCMAKE_INSTALL_PREFIX=/home/lsh/robot_ws2/install/indy7_ign_moveit2
[0.199s] -- The C compiler identification is GNU 9.3.0
[0.323s] -- The CXX compiler identification is GNU 9.3.0
[0.330s] -- Check for working C compiler: /usr/bin/cc
[0.401s] -- Check for working C compiler: /usr/bin/cc -- works
[0.403s] -- Detecting C compiler ABI info
[0.506s] -- Detecting C compiler ABI info - done
[0.537s] -- Detecting C compile features
[0.539s] -- Detecting C compile features - done
[0.542s] -- Check for working CXX compiler: /usr/bin/c++
[0.686s] -- Check for working CXX compiler: /usr/bin/c++ -- works
[0.687s] -- Detecting CXX compiler ABI info
[0.817s] -- Detecting CXX compiler ABI info - done
[0.837s] -- Detecting CXX compile features
[0.838s] -- Detecting CXX compile features - done
[0.843s] -- Found ament_cmake: 0.9.9 (/opt/ros/foxy/share/ament_cmake/cmake)
[0.895s] -- Found PythonInterp: /usr/bin/python3 (found suitable version "3.8.10", minimum required is "3") 
[0.895s] -- Using PYTHON_EXECUTABLE: /usr/bin/python3
[1.174s] -- Override CMake install command with custom implementation using symlinks instead of copying resources
[1.213s] -- Found rclcpp: 2.4.0 (/opt/ros/foxy/share/rclcpp/cmake)
[1.289s] -- Using all available rosidl_typesupport_c: rosidl_typesupport_fastrtps_c;rosidl_typesupport_introspection_c
[1.316s] -- Found rosidl_adapter: 1.2.1 (/opt/ros/foxy/share/rosidl_adapter/cmake)
[1.469s] -- Found OpenSSL: /usr/lib/x86_64-linux-gnu/libcrypto.so (found version "1.1.1f")  
[1.515s] -- Found FastRTPS: /opt/ros/foxy/include  
[1.652s] -- Using all available rosidl_typesupport_cpp: rosidl_typesupport_fastrtps_cpp;rosidl_typesupport_introspection_cpp
[1.758s] -- Found rmw_implementation_cmake: 1.0.3 (/opt/ros/foxy/share/rmw_implementation_cmake/cmake)
[1.763s] -- Using RMW implementation 'rmw_fastrtps_cpp' as default
[1.765s] -- Looking for pthread.h
[1.888s] -- Looking for pthread.h - found
[1.888s] -- Performing Test CMAKE_HAVE_LIBC_PTHREAD
[1.999s] -- Performing Test CMAKE_HAVE_LIBC_PTHREAD - Failed
[2.000s] -- Looking for pthread_create in pthreads
[2.070s] -- Looking for pthread_create in pthreads - not found
[2.071s] -- Looking for pthread_create in pthread
[2.148s] -- Looking for pthread_create in pthread - found
[2.149s] -- Found Threads: TRUE  
[2.321s] -- Found moveit_ros_planning_interface: 2.2.2 (/opt/ros/foxy/share/moveit_ros_planning_interface/cmake)
[2.330s] -- Found Boost: /usr/lib/x86_64-linux-gnu/cmake/Boost-1.71.0/BoostConfig.cmake (found version "1.71.0")  
[2.355s] -- Found Boost: /usr/lib/x86_64-linux-gnu/cmake/Boost-1.71.0/BoostConfig.cmake (found version "1.71.0") found components: date_time filesystem program_options system thread 
[3.895s] -- Found Boost: /usr/lib/x86_64-linux-gnu/cmake/Boost-1.71.0/BoostConfig.cmake (found version "1.71.0") found components: chrono date_time filesystem iostreams program_options regex serialization system thread 
[4.030s] -- library: /usr/lib/x86_64-linux-gnu/libcurl.so
[4.136s] -- Found Eigen3: TRUE (found version "3.3.7") 
[4.898s] -- Found Boost: /usr/lib/x86_64-linux-gnu/cmake/Boost-1.71.0/BoostConfig.cmake (found version "1.71.0") found components: system filesystem date_time program_options thread chrono 
[5.196s] -- Found Boost: /usr/lib/x86_64-linux-gnu/cmake/Boost-1.71.0/BoostConfig.cmake (found version "1.71.0") found components: thread 
[5.916s] -- Found Boost: /usr/lib/x86_64-linux-gnu/cmake/Boost-1.71.0/BoostConfig.cmake (found version "1.71.0") found components: thread system filesystem regex date_time program_options 
[6.300s] -- Found Boost: /usr/lib/x86_64-linux-gnu/cmake/Boost-1.71.0/BoostConfig.cmake (found version "1.71.0") found components: system filesystem date_time program_options thread 
[6.997s] -- Configuring done
[7.028s] -- Generating done
[7.030s] -- Build files have been written to: /home/lsh/robot_ws2/build/indy7_ign_moveit2
[7.041s] Invoked command in '/home/lsh/robot_ws2/build/indy7_ign_moveit2' returned '0': CMAKE_PREFIX_PATH=${CMAKE_PREFIX_PATH}:/home/lsh/robot_ws/install/topic_service_action_rclpy_example:/home/lsh/robot_ws/install/time_rclpy_example:/home/lsh/robot_ws/install/tf2_rclpy_example:/home/lsh/robot_ws/install/ros2env:/home/lsh/robot_ws/install/my_first_ros_rclpy_pkg:/home/lsh/robot_ws/install/logging_rclpy_example:/opt/ros/foxy /usr/bin/cmake /home/lsh/robot_ws2/src/indy7_ign_moveit2-main -DAMENT_CMAKE_SYMLINK_INSTALL=1 -DCMAKE_INSTALL_PREFIX=/home/lsh/robot_ws2/install/indy7_ign_moveit2
[7.042s] Invoking command in '/home/lsh/robot_ws2/build/indy7_ign_moveit2': CMAKE_PREFIX_PATH=${CMAKE_PREFIX_PATH}:/home/lsh/robot_ws/install/topic_service_action_rclpy_example:/home/lsh/robot_ws/install/time_rclpy_example:/home/lsh/robot_ws/install/tf2_rclpy_example:/home/lsh/robot_ws/install/ros2env:/home/lsh/robot_ws/install/my_first_ros_rclpy_pkg:/home/lsh/robot_ws/install/logging_rclpy_example:/opt/ros/foxy /usr/bin/cmake --build /home/lsh/robot_ws2/build/indy7_ign_moveit2 -- -j4 -l4
[7.082s] [35m[1mScanning dependencies of target example_ign_moveit2[0m
[7.231s] [ 50%] [32mBuilding CXX object CMakeFiles/example_ign_moveit2.dir/examples/cpp/example_ign_moveit2.cpp.o[0m
[16.740s] [100%] [32m[1mLinking CXX executable example_ign_moveit2[0m
[17.202s] [100%] Built target example_ign_moveit2
[17.212s] Invoked command in '/home/lsh/robot_ws2/build/indy7_ign_moveit2' returned '0': CMAKE_PREFIX_PATH=${CMAKE_PREFIX_PATH}:/home/lsh/robot_ws/install/topic_service_action_rclpy_example:/home/lsh/robot_ws/install/time_rclpy_example:/home/lsh/robot_ws/install/tf2_rclpy_example:/home/lsh/robot_ws/install/ros2env:/home/lsh/robot_ws/install/my_first_ros_rclpy_pkg:/home/lsh/robot_ws/install/logging_rclpy_example:/opt/ros/foxy /usr/bin/cmake --build /home/lsh/robot_ws2/build/indy7_ign_moveit2 -- -j4 -l4
[17.234s] Invoking command in '/home/lsh/robot_ws2/build/indy7_ign_moveit2': CMAKE_PREFIX_PATH=${CMAKE_PREFIX_PATH}:/home/lsh/robot_ws/install/topic_service_action_rclpy_example:/home/lsh/robot_ws/install/time_rclpy_example:/home/lsh/robot_ws/install/tf2_rclpy_example:/home/lsh/robot_ws/install/ros2env:/home/lsh/robot_ws/install/my_first_ros_rclpy_pkg:/home/lsh/robot_ws/install/logging_rclpy_example:/opt/ros/foxy /usr/bin/cmake --install /home/lsh/robot_ws2/build/indy7_ign_moveit2
[17.240s] -- Install configuration: ""
[17.241s] -- Execute custom install script
[17.242s] -- Symlinking: /home/lsh/robot_ws2/install/indy7_ign_moveit2/lib/indy7_ign_moveit2/example_ign_moveit2
[17.250s] -- Symlinking: /home/lsh/robot_ws2/install/indy7_ign_moveit2/share/indy7_ign_moveit2/environment/pythonpath.sh
[17.258s] -- Symlinking: /home/lsh/robot_ws2/install/indy7_ign_moveit2/share/indy7_ign_moveit2/environment/pythonpath.dsv
[17.266s] -- Symlinking: /home/lsh/robot_ws2/install/indy7_ign_moveit2/lib/python3.8/site-packages/moveit2.py
[17.274s] -- Symlinking: /home/lsh/robot_ws2/install/indy7_ign_moveit2/lib/indy7_ign_moveit2/example_joint_goal.py
[17.281s] -- Symlinking: /home/lsh/robot_ws2/install/indy7_ign_moveit2/lib/indy7_ign_moveit2/example_pose_goal.py
[17.288s] -- Symlinking: /home/lsh/robot_ws2/install/indy7_ign_moveit2/lib/indy7_ign_moveit2/example_follow_object.py
[17.296s] -- Symlinking: /home/lsh/robot_ws2/install/indy7_ign_moveit2/lib/indy7_ign_moveit2/example_follow_object_wait_until_executed.py
[17.304s] -- Symlinking: /home/lsh/robot_ws2/install/indy7_ign_moveit2/lib/indy7_ign_moveit2/example_follow_object_direct.py
[17.312s] -- Symlinking: /home/lsh/robot_ws2/install/indy7_ign_moveit2/lib/indy7_ign_moveit2/example_gripper.py
[17.320s] -- Symlinking: /home/lsh/robot_ws2/install/indy7_ign_moveit2/lib/indy7_ign_moveit2/example_throw.py
[17.328s] -- Symlinking: /home/lsh/robot_ws2/install/indy7_ign_moveit2/share/indy7_ign_moveit2/launch/examples/example_cpp.launch.py
[17.335s] -- Symlinking: /home/lsh/robot_ws2/install/indy7_ign_moveit2/share/indy7_ign_moveit2/launch/examples/example_follow_object.launch.py
[17.343s] -- Symlinking: /home/lsh/robot_ws2/install/indy7_ign_moveit2/share/indy7_ign_moveit2/launch/examples/example_follow_object_direct.launch.py
[17.351s] -- Symlinking: /home/lsh/robot_ws2/install/indy7_ign_moveit2/share/indy7_ign_moveit2/launch/examples/example_follow_object_wait_until_executed.launch.py
[17.358s] -- Symlinking: /home/lsh/robot_ws2/install/indy7_ign_moveit2/share/indy7_ign_moveit2/launch/examples/example_joint_goal.launch.py
[17.366s] -- Symlinking: /home/lsh/robot_ws2/install/indy7_ign_moveit2/share/indy7_ign_moveit2/launch/examples/example_pose_goal.launch.py
[17.374s] -- Symlinking: /home/lsh/robot_ws2/install/indy7_ign_moveit2/share/indy7_ign_moveit2/launch/examples/example_throw.launch.py
[17.381s] -- Symlinking: /home/lsh/robot_ws2/install/indy7_ign_moveit2/share/indy7_ign_moveit2/launch/examples/worlds/world_indy7_follow.launch.py
[17.389s] -- Symlinking: /home/lsh/robot_ws2/install/indy7_ign_moveit2/share/indy7_ign_moveit2/launch/examples/worlds/world_indy7_throw.launch.py
[17.396s] -- Symlinking: /home/lsh/robot_ws2/install/indy7_ign_moveit2/share/indy7_ign_moveit2/launch/ign_moveit2.launch.py
[17.404s] -- Symlinking: /home/lsh/robot_ws2/install/indy7_ign_moveit2/share/indy7_ign_moveit2/launch/rviz.rviz
[17.412s] -- Symlinking: /home/lsh/robot_ws2/install/indy7_ign_moveit2/share/indy7_ign_moveit2/worlds/indy7_follow.sdf
[17.419s] -- Symlinking: /home/lsh/robot_ws2/install/indy7_ign_moveit2/share/indy7_ign_moveit2/worlds/indy7_throw.sdf
[17.427s] -- Symlinking: /home/lsh/robot_ws2/install/indy7_ign_moveit2/share/ament_index/resource_index/package_run_dependencies/indy7_ign_moveit2
[17.435s] -- Symlinking: /home/lsh/robot_ws2/install/indy7_ign_moveit2/share/ament_index/resource_index/parent_prefix_path/indy7_ign_moveit2
[17.442s] -- Symlinking: /home/lsh/robot_ws2/install/indy7_ign_moveit2/share/indy7_ign_moveit2/environment/ament_prefix_path.sh
[17.450s] -- Symlinking: /home/lsh/robot_ws2/install/indy7_ign_moveit2/share/indy7_ign_moveit2/environment/ament_prefix_path.dsv
[17.457s] -- Symlinking: /home/lsh/robot_ws2/install/indy7_ign_moveit2/share/indy7_ign_moveit2/environment/path.sh
[17.465s] -- Symlinking: /home/lsh/robot_ws2/install/indy7_ign_moveit2/share/indy7_ign_moveit2/environment/path.dsv
[17.473s] -- Symlinking: /home/lsh/robot_ws2/install/indy7_ign_moveit2/share/indy7_ign_moveit2/local_setup.bash
[17.481s] -- Symlinking: /home/lsh/robot_ws2/install/indy7_ign_moveit2/share/indy7_ign_moveit2/local_setup.sh
[17.488s] -- Symlinking: /home/lsh/robot_ws2/install/indy7_ign_moveit2/share/indy7_ign_moveit2/local_setup.zsh
[17.496s] -- Symlinking: /home/lsh/robot_ws2/install/indy7_ign_moveit2/share/indy7_ign_moveit2/local_setup.dsv
[17.503s] -- Symlinking: /home/lsh/robot_ws2/install/indy7_ign_moveit2/share/indy7_ign_moveit2/package.dsv
[17.511s] -- Symlinking: /home/lsh/robot_ws2/install/indy7_ign_moveit2/share/ament_index/resource_index/packages/indy7_ign_moveit2
[17.518s] -- Symlinking: /home/lsh/robot_ws2/install/indy7_ign_moveit2/share/indy7_ign_moveit2/cmake/indy7_ign_moveit2Config.cmake
[17.526s] -- Symlinking: /home/lsh/robot_ws2/install/indy7_ign_moveit2/share/indy7_ign_moveit2/cmake/indy7_ign_moveit2Config-version.cmake
[17.534s] -- Symlinking: /home/lsh/robot_ws2/install/indy7_ign_moveit2/share/indy7_ign_moveit2/package.xml
[17.577s] Compiling '/home/lsh/robot_ws2/install/indy7_ign_moveit2/lib/python3.8/site-packages/moveit2.py'...
[17.583s] Invoked command in '/home/lsh/robot_ws2/build/indy7_ign_moveit2' returned '0': CMAKE_PREFIX_PATH=${CMAKE_PREFIX_PATH}:/home/lsh/robot_ws/install/topic_service_action_rclpy_example:/home/lsh/robot_ws/install/time_rclpy_example:/home/lsh/robot_ws/install/tf2_rclpy_example:/home/lsh/robot_ws/install/ros2env:/home/lsh/robot_ws/install/my_first_ros_rclpy_pkg:/home/lsh/robot_ws/install/logging_rclpy_example:/opt/ros/foxy /usr/bin/cmake --install /home/lsh/robot_ws2/build/indy7_ign_moveit2
